info it worked if it ends with ok
verbose cli [ 'node',
verbose cli   '/usr/local/bin/npm',
verbose cli   'run-script',
verbose cli   'generate',
verbose cli   'resourc' ]
info using npm@1.0.104
info using node@v0.6.9
verbose config file /Users/snodgrass23/.npmrc
verbose config file /usr/local/etc/npmrc
verbose config file /usr/local/lib/node_modules/npm/npmrc
ERR! Error: ENOENT, no such file or directory '/Users/snodgrass23/Sites/node/base12/node_modules/generate/package.json'
ERR! Report this *entire* log at:
ERR!     <http://github.com/isaacs/npm/issues>
ERR! or email it to:
ERR!     <npm-@googlegroups.com>
ERR! 
ERR! System Darwin 11.3.0
ERR! command "node" "/usr/local/bin/npm" "run-script" "generate" "resourc"
ERR! cwd /Users/snodgrass23/Sites/node/base12
ERR! node -v v0.6.9
ERR! npm -v 1.0.104
ERR! path /Users/snodgrass23/Sites/node/base12/node_modules/generate/package.json
ERR! code ENOENT
verbose exit [ 1, true ]
