[Thu, 24 Mar 2011 16:15:54 GMT] INFO master started
[Thu, 24 Mar 2011 16:15:54 GMT] INFO spawned worker 0
[Thu, 24 Mar 2011 16:21:39 GMT] INFO master started
[Thu, 24 Mar 2011 16:21:52 GMT] INFO master started
[Thu, 24 Mar 2011 16:21:52 GMT] INFO spawned worker 0
[Thu, 24 Mar 2011 16:21:52 GMT] INFO spawned worker 1
[Thu, 24 Mar 2011 16:22:06 GMT] WARNING shutting down master
[Thu, 24 Mar 2011 16:22:59 GMT] INFO master started
[Thu, 24 Mar 2011 16:22:59 GMT] INFO spawned worker 0
[Thu, 24 Mar 2011 16:22:59 GMT] INFO spawned worker 1
[Thu, 24 Mar 2011 16:29:04 GMT] WARNING shutting down master
[Thu, 24 Mar 2011 16:29:06 GMT] INFO master started
[Thu, 24 Mar 2011 16:29:06 GMT] INFO spawned worker 0
[Thu, 24 Mar 2011 16:29:06 GMT] INFO spawned worker 1
[Thu, 24 Mar 2011 16:29:13 GMT] WARNING shutting down master
[Thu, 24 Mar 2011 16:29:13 GMT] WARNING sent kill(SIGKILL) to all workers
[Thu, 24 Mar 2011 16:29:13 GMT] ERROR worker 0 died
[Thu, 24 Mar 2011 16:29:13 GMT] ERROR worker 1 died
[Thu, 24 Mar 2011 16:30:11 GMT] INFO master started
[Thu, 24 Mar 2011 16:30:11 GMT] INFO spawned worker 0
[Thu, 24 Mar 2011 16:30:11 GMT] INFO spawned worker 1
[Thu, 24 Mar 2011 16:30:35 GMT] WARNING shutting down master
[Thu, 24 Mar 2011 16:30:35 GMT] WARNING sent kill(SIGKILL) to all workers
[Thu, 24 Mar 2011 16:30:36 GMT] INFO master started
[Thu, 24 Mar 2011 16:30:36 GMT] INFO spawned worker 0
[Thu, 24 Mar 2011 16:30:36 GMT] INFO spawned worker 1
[Thu, 24 Mar 2011 16:30:52 GMT] WARNING shutting down master
[Thu, 24 Mar 2011 16:30:53 GMT] INFO master started
[Thu, 24 Mar 2011 16:30:53 GMT] INFO spawned worker 0
[Thu, 24 Mar 2011 16:30:53 GMT] INFO spawned worker 1
[Thu, 24 Mar 2011 16:31:48 GMT] WARNING shutting down master
[Thu, 24 Mar 2011 16:31:48 GMT] INFO master started
[Thu, 24 Mar 2011 16:31:48 GMT] INFO spawned worker 0
[Thu, 24 Mar 2011 16:31:48 GMT] INFO spawned worker 1
[Thu, 24 Mar 2011 16:53:09 GMT] WARNING shutting down master
[Thu, 24 Mar 2011 16:53:09 GMT] WARNING sent kill(SIGKILL) to all workers
[Thu, 24 Mar 2011 16:53:09 GMT] INFO shutdown complete
[Thu, 24 Mar 2011 16:53:11 GMT] INFO master started
[Thu, 24 Mar 2011 16:53:11 GMT] INFO spawned worker 0
[Thu, 24 Mar 2011 16:53:11 GMT] INFO spawned worker 1
[Thu, 24 Mar 2011 16:53:34 GMT] WARNING shutting down master
[Thu, 24 Mar 2011 16:53:34 GMT] WARNING sent kill(SIGKILL) to all workers
[Thu, 24 Mar 2011 16:53:34 GMT] INFO master started
[Thu, 24 Mar 2011 16:53:34 GMT] INFO spawned worker 0
[Thu, 24 Mar 2011 16:53:34 GMT] INFO spawned worker 1
[Thu, 24 Mar 2011 16:54:11 GMT] WARNING shutting down master
[Thu, 24 Mar 2011 16:54:17 GMT] INFO master started
[Thu, 24 Mar 2011 16:54:17 GMT] INFO spawned worker 0
[Thu, 24 Mar 2011 16:54:17 GMT] INFO spawned worker 1
[Thu, 24 Mar 2011 16:54:34 GMT] WARNING shutting down master
[Thu, 24 Mar 2011 18:07:46 GMT] INFO master started
[Thu, 24 Mar 2011 18:07:46 GMT] INFO spawned worker 0
[Thu, 24 Mar 2011 18:07:46 GMT] INFO spawned worker 1
[Thu, 24 Mar 2011 18:10:36 GMT] WARNING shutting down master
[Thu, 24 Mar 2011 18:10:36 GMT] WARNING sent kill(SIGKILL) to all workers
[Thu, 24 Mar 2011 18:10:36 GMT] INFO shutdown complete
[Thu, 24 Mar 2011 18:10:36 GMT] INFO master started
[Thu, 24 Mar 2011 18:10:36 GMT] INFO spawned worker 0
[Thu, 24 Mar 2011 18:10:36 GMT] INFO spawned worker 1
[Thu, 24 Mar 2011 18:11:15 GMT] WARNING shutting down master
[Thu, 24 Mar 2011 18:11:15 GMT] WARNING sent kill(SIGKILL) to all workers
[Thu, 24 Mar 2011 18:11:16 GMT] INFO master started
[Thu, 24 Mar 2011 18:11:16 GMT] INFO spawned worker 0
[Thu, 24 Mar 2011 18:11:16 GMT] INFO spawned worker 1
[Thu, 24 Mar 2011 18:11:16 GMT] DEBUG worker 1 connected
[Thu, 24 Mar 2011 18:11:16 GMT] DEBUG worker 0 connected
[Thu, 24 Mar 2011 18:11:49 GMT] WARNING shutting down master
[Thu, 24 Mar 2011 18:11:49 GMT] WARNING sent kill(SIGKILL) to all workers
[Thu, 24 Mar 2011 18:11:49 GMT] INFO shutdown complete
[Thu, 24 Mar 2011 18:11:51 GMT] INFO master started
[Thu, 24 Mar 2011 18:11:51 GMT] INFO spawned worker 0
[Thu, 24 Mar 2011 18:11:51 GMT] INFO spawned worker 1
[Thu, 24 Mar 2011 18:11:51 GMT] DEBUG worker 0 connected
[Thu, 24 Mar 2011 18:11:51 GMT] DEBUG worker 1 connected
[Thu, 24 Mar 2011 18:11:59 GMT] INFO restart requested
[Thu, 24 Mar 2011 18:11:59 GMT] INFO master started
[Thu, 24 Mar 2011 18:11:59 GMT] INFO spawned worker 0
[Thu, 24 Mar 2011 18:11:59 GMT] INFO spawned worker 1
[Thu, 24 Mar 2011 18:11:59 GMT] DEBUG worker 0 connected
[Thu, 24 Mar 2011 18:11:59 GMT] DEBUG worker 1 connected
[Thu, 24 Mar 2011 18:11:59 GMT] WARNING shutting down master
[Thu, 24 Mar 2011 18:11:59 GMT] INFO restart complete
[Thu, 24 Mar 2011 18:13:02 GMT] INFO restart requested
[Thu, 24 Mar 2011 18:13:02 GMT] INFO master started
[Thu, 24 Mar 2011 18:13:02 GMT] INFO spawned worker 0
[Thu, 24 Mar 2011 18:13:02 GMT] INFO spawned worker 1
[Thu, 24 Mar 2011 18:13:02 GMT] DEBUG worker 1 connected
[Thu, 24 Mar 2011 18:13:02 GMT] DEBUG worker 0 connected
[Thu, 24 Mar 2011 18:13:02 GMT] WARNING shutting down master
[Thu, 24 Mar 2011 18:13:02 GMT] INFO restart complete
[Thu, 24 Mar 2011 18:13:21 GMT] INFO restart requested
[Thu, 24 Mar 2011 18:13:21 GMT] INFO master started
[Thu, 24 Mar 2011 18:13:21 GMT] INFO spawned worker 0
[Thu, 24 Mar 2011 18:13:21 GMT] INFO spawned worker 1
[Thu, 24 Mar 2011 18:13:21 GMT] ERROR worker 0 died
[Thu, 24 Mar 2011 18:13:21 GMT] INFO spawned worker 0
[Thu, 24 Mar 2011 18:13:21 GMT] ERROR worker 1 died
[Thu, 24 Mar 2011 18:13:21 GMT] INFO spawned worker 1
[Thu, 24 Mar 2011 18:13:22 GMT] ERROR worker 0 died
[Thu, 24 Mar 2011 18:13:22 GMT] INFO spawned worker 0
[Thu, 24 Mar 2011 18:13:22 GMT] ERROR worker 1 died
[Thu, 24 Mar 2011 18:13:22 GMT] INFO spawned worker 1
[Thu, 24 Mar 2011 18:13:22 GMT] ERROR worker 0 died
[Thu, 24 Mar 2011 18:13:22 GMT] INFO spawned worker 0
[Thu, 24 Mar 2011 18:13:22 GMT] ERROR worker 1 died
[Thu, 24 Mar 2011 18:13:22 GMT] INFO spawned worker 1
[Thu, 24 Mar 2011 18:13:22 GMT] ERROR worker 0 died
[Thu, 24 Mar 2011 18:13:22 GMT] INFO spawned worker 0
[Thu, 24 Mar 2011 18:13:22 GMT] ERROR worker 1 died
[Thu, 24 Mar 2011 18:13:22 GMT] INFO spawned worker 1
[Thu, 24 Mar 2011 18:13:22 GMT] ERROR worker 0 died
[Thu, 24 Mar 2011 18:13:22 GMT] INFO spawned worker 0
[Thu, 24 Mar 2011 18:13:22 GMT] ERROR worker 1 died
[Thu, 24 Mar 2011 18:13:22 GMT] INFO spawned worker 1
[Thu, 24 Mar 2011 18:13:23 GMT] ERROR worker 0 died
[Thu, 24 Mar 2011 18:13:23 GMT] INFO spawned worker 0
[Thu, 24 Mar 2011 18:13:23 GMT] ERROR worker 1 died
[Thu, 24 Mar 2011 18:13:23 GMT] INFO spawned worker 1
[Thu, 24 Mar 2011 18:13:23 GMT] ERROR worker 1 died
[Thu, 24 Mar 2011 18:13:23 GMT] INFO spawned worker 1
[Thu, 24 Mar 2011 18:13:23 GMT] ERROR worker 0 died
[Thu, 24 Mar 2011 18:13:23 GMT] INFO spawned worker 0
[Thu, 24 Mar 2011 18:13:23 GMT] ERROR worker 1 died
[Thu, 24 Mar 2011 18:13:23 GMT] INFO spawned worker 1
[Thu, 24 Mar 2011 18:13:23 GMT] ERROR worker 0 died
[Thu, 24 Mar 2011 18:13:23 GMT] INFO spawned worker 0
[Thu, 24 Mar 2011 18:13:23 GMT] ERROR worker 1 died
[Thu, 24 Mar 2011 18:13:23 GMT] INFO spawned worker 1
[Thu, 24 Mar 2011 18:13:23 GMT] ERROR worker 0 died
[Thu, 24 Mar 2011 18:13:23 GMT] INFO spawned worker 0
[Thu, 24 Mar 2011 18:13:23 GMT] ERROR worker 0 died
[Thu, 24 Mar 2011 18:20:18 GMT] WARNING shutting down master
[Thu, 24 Mar 2011 18:32:45 GMT] INFO master started
[Thu, 24 Mar 2011 18:32:45 GMT] INFO spawned worker 0
[Thu, 24 Mar 2011 18:32:45 GMT] INFO spawned worker 1
[Thu, 24 Mar 2011 18:32:45 GMT] DEBUG worker 1 connected
[Thu, 24 Mar 2011 18:32:45 GMT] DEBUG worker 0 connected
[Thu, 24 Mar 2011 18:33:03 GMT] WARNING shutting down master
[Thu, 24 Mar 2011 18:33:03 GMT] WARNING sent kill(SIGKILL) to all workers
[Thu, 24 Mar 2011 18:37:05 GMT] INFO master started
[Thu, 24 Mar 2011 18:37:05 GMT] INFO spawned worker 0
[Thu, 24 Mar 2011 18:37:05 GMT] INFO spawned worker 1
[Thu, 24 Mar 2011 18:37:05 GMT] DEBUG worker 1 connected
[Thu, 24 Mar 2011 18:37:05 GMT] DEBUG worker 0 connected
[Thu, 24 Mar 2011 18:37:40 GMT] INFO restart requested
[Thu, 24 Mar 2011 18:37:40 GMT] INFO master started
[Thu, 24 Mar 2011 18:37:40 GMT] INFO spawned worker 0
[Thu, 24 Mar 2011 18:37:40 GMT] INFO spawned worker 1
[Thu, 24 Mar 2011 18:37:40 GMT] DEBUG worker 0 connected
[Thu, 24 Mar 2011 18:37:40 GMT] DEBUG worker 1 connected
[Thu, 24 Mar 2011 18:37:40 GMT] WARNING shutting down master
[Thu, 24 Mar 2011 18:37:40 GMT] WARNING sent kill(SIGKILL) to all workers
[Thu, 24 Mar 2011 18:37:40 GMT] INFO restart complete
[Thu, 24 Mar 2011 18:38:33 GMT] INFO restart requested
[Thu, 24 Mar 2011 18:38:33 GMT] INFO master started
[Thu, 24 Mar 2011 18:38:33 GMT] INFO spawned worker 0
[Thu, 24 Mar 2011 18:38:33 GMT] INFO spawned worker 1
[Thu, 24 Mar 2011 18:38:34 GMT] DEBUG worker 1 connected
[Thu, 24 Mar 2011 18:38:34 GMT] DEBUG worker 0 connected
[Thu, 24 Mar 2011 18:38:34 GMT] WARNING shutting down master
[Thu, 24 Mar 2011 18:38:34 GMT] WARNING sent kill(SIGKILL) to all workers
[Thu, 24 Mar 2011 18:38:34 GMT] INFO shutdown complete
[Thu, 24 Mar 2011 18:38:34 GMT] INFO restart complete
[Thu, 24 Mar 2011 18:40:11 GMT] INFO restart requested
[Thu, 24 Mar 2011 18:40:11 GMT] INFO master started
[Thu, 24 Mar 2011 18:40:11 GMT] INFO spawned worker 0
[Thu, 24 Mar 2011 18:40:11 GMT] INFO spawned worker 1
[Thu, 24 Mar 2011 18:40:12 GMT] DEBUG worker 0 connected
[Thu, 24 Mar 2011 18:40:12 GMT] DEBUG worker 1 connected
[Thu, 24 Mar 2011 18:40:12 GMT] WARNING shutting down master
[Thu, 24 Mar 2011 18:40:12 GMT] INFO restart complete
[Thu, 24 Mar 2011 18:40:38 GMT] INFO restart requested
[Thu, 24 Mar 2011 18:40:38 GMT] INFO master started
[Thu, 24 Mar 2011 18:40:38 GMT] INFO spawned worker 0
[Thu, 24 Mar 2011 18:40:38 GMT] INFO spawned worker 1
[Thu, 24 Mar 2011 18:40:38 GMT] DEBUG worker 0 connected
[Thu, 24 Mar 2011 18:40:38 GMT] DEBUG worker 1 connected
[Thu, 24 Mar 2011 18:40:38 GMT] WARNING shutting down master
[Thu, 24 Mar 2011 18:40:38 GMT] WARNING sent kill(SIGKILL) to all workers
[Thu, 24 Mar 2011 18:40:38 GMT] INFO restart complete
[Thu, 24 Mar 2011 18:42:33 GMT] INFO restart requested
[Thu, 24 Mar 2011 18:42:33 GMT] INFO master started
[Thu, 24 Mar 2011 18:42:33 GMT] INFO spawned worker 0
[Thu, 24 Mar 2011 18:42:33 GMT] INFO spawned worker 1
[Thu, 24 Mar 2011 18:42:33 GMT] DEBUG worker 0 connected
[Thu, 24 Mar 2011 18:42:33 GMT] DEBUG worker 1 connected
[Thu, 24 Mar 2011 18:42:33 GMT] WARNING shutting down master
[Thu, 24 Mar 2011 18:42:33 GMT] WARNING sent kill(SIGKILL) to all workers
[Thu, 24 Mar 2011 18:42:33 GMT] INFO shutdown complete
[Thu, 24 Mar 2011 18:42:33 GMT] INFO restart complete
[Thu, 24 Mar 2011 18:45:03 GMT] INFO restart requested
[Thu, 24 Mar 2011 18:45:03 GMT] INFO master started
[Thu, 24 Mar 2011 18:45:03 GMT] INFO spawned worker 0
[Thu, 24 Mar 2011 18:45:03 GMT] INFO spawned worker 1
[Thu, 24 Mar 2011 18:45:03 GMT] DEBUG worker 1 connected
[Thu, 24 Mar 2011 18:45:03 GMT] DEBUG worker 0 connected
[Thu, 24 Mar 2011 18:45:03 GMT] WARNING shutting down master
[Thu, 24 Mar 2011 18:45:03 GMT] WARNING sent kill(SIGKILL) to all workers
[Thu, 24 Mar 2011 18:45:03 GMT] INFO restart complete
[Thu, 24 Mar 2011 18:48:10 GMT] INFO restart requested
[Thu, 24 Mar 2011 18:48:10 GMT] INFO master started
[Thu, 24 Mar 2011 18:48:10 GMT] INFO spawned worker 0
[Thu, 24 Mar 2011 18:48:10 GMT] INFO spawned worker 1
[Thu, 24 Mar 2011 18:48:10 GMT] DEBUG worker 1 connected
[Thu, 24 Mar 2011 18:48:10 GMT] DEBUG worker 0 connected
[Thu, 24 Mar 2011 18:48:10 GMT] WARNING shutting down master
[Thu, 24 Mar 2011 18:48:10 GMT] WARNING sent kill(SIGKILL) to all workers
[Thu, 24 Mar 2011 18:48:10 GMT] INFO restart complete
[Thu, 24 Mar 2011 18:49:11 GMT] INFO restart requested
[Thu, 24 Mar 2011 18:49:11 GMT] INFO master started
[Thu, 24 Mar 2011 18:49:11 GMT] INFO spawned worker 0
[Thu, 24 Mar 2011 18:49:11 GMT] INFO spawned worker 1
[Thu, 24 Mar 2011 18:49:11 GMT] DEBUG worker 1 connected
[Thu, 24 Mar 2011 18:49:11 GMT] DEBUG worker 0 connected
[Thu, 24 Mar 2011 18:49:11 GMT] WARNING shutting down master
[Thu, 24 Mar 2011 18:49:11 GMT] WARNING sent kill(SIGKILL) to all workers
[Thu, 24 Mar 2011 18:49:11 GMT] INFO restart complete
[Thu, 24 Mar 2011 18:50:18 GMT] INFO restart requested
[Thu, 24 Mar 2011 18:50:18 GMT] INFO master started
[Thu, 24 Mar 2011 18:50:18 GMT] INFO spawned worker 0
[Thu, 24 Mar 2011 18:50:18 GMT] INFO spawned worker 1
[Thu, 24 Mar 2011 18:50:19 GMT] DEBUG worker 1 connected
[Thu, 24 Mar 2011 18:50:19 GMT] DEBUG worker 0 connected
[Thu, 24 Mar 2011 18:50:19 GMT] WARNING shutting down master
[Thu, 24 Mar 2011 18:50:19 GMT] WARNING sent kill(SIGKILL) to all workers
[Thu, 24 Mar 2011 18:50:19 GMT] INFO restart complete
[Thu, 24 Mar 2011 18:50:32 GMT] INFO restart requested
[Thu, 24 Mar 2011 18:50:33 GMT] INFO master started
[Thu, 24 Mar 2011 18:50:33 GMT] INFO spawned worker 0
[Thu, 24 Mar 2011 18:50:33 GMT] INFO spawned worker 1
[Thu, 24 Mar 2011 18:50:33 GMT] DEBUG worker 0 connected
[Thu, 24 Mar 2011 18:50:33 GMT] DEBUG worker 1 connected
[Thu, 24 Mar 2011 18:50:33 GMT] WARNING shutting down master
[Thu, 24 Mar 2011 18:50:33 GMT] WARNING sent kill(SIGKILL) to all workers
[Thu, 24 Mar 2011 18:50:33 GMT] INFO restart complete
[Thu, 24 Mar 2011 18:51:09 GMT] INFO restart requested
[Thu, 24 Mar 2011 18:51:09 GMT] INFO master started
[Thu, 24 Mar 2011 18:51:09 GMT] INFO spawned worker 0
[Thu, 24 Mar 2011 18:51:09 GMT] INFO spawned worker 1
[Thu, 24 Mar 2011 18:51:09 GMT] DEBUG worker 0 connected
[Thu, 24 Mar 2011 18:51:09 GMT] DEBUG worker 1 connected
[Thu, 24 Mar 2011 18:51:09 GMT] WARNING shutting down master
[Thu, 24 Mar 2011 18:51:09 GMT] WARNING sent kill(SIGKILL) to all workers
[Thu, 24 Mar 2011 18:51:09 GMT] INFO restart complete
[Thu, 24 Mar 2011 18:51:32 GMT] INFO restart requested
[Thu, 24 Mar 2011 18:51:32 GMT] INFO master started
[Thu, 24 Mar 2011 18:51:32 GMT] INFO spawned worker 0
[Thu, 24 Mar 2011 18:51:32 GMT] INFO spawned worker 1
[Thu, 24 Mar 2011 18:51:32 GMT] DEBUG worker 1 connected
[Thu, 24 Mar 2011 18:51:32 GMT] DEBUG worker 0 connected
[Thu, 24 Mar 2011 18:51:32 GMT] WARNING shutting down master
[Thu, 24 Mar 2011 18:51:32 GMT] INFO restart complete
[Thu, 24 Mar 2011 19:00:23 GMT] INFO restart requested
[Thu, 24 Mar 2011 19:00:23 GMT] INFO master started
[Thu, 24 Mar 2011 19:00:23 GMT] INFO spawned worker 0
[Thu, 24 Mar 2011 19:00:23 GMT] INFO spawned worker 1
[Thu, 24 Mar 2011 19:00:24 GMT] DEBUG worker 0 connected
[Thu, 24 Mar 2011 19:00:24 GMT] DEBUG worker 1 connected
[Thu, 24 Mar 2011 19:00:24 GMT] WARNING shutting down master
[Thu, 24 Mar 2011 19:00:24 GMT] WARNING sent kill(SIGKILL) to all workers
[Thu, 24 Mar 2011 19:00:24 GMT] INFO shutdown complete
[Thu, 24 Mar 2011 19:00:24 GMT] INFO restart complete
[Thu, 24 Mar 2011 19:00:46 GMT] INFO restart requested
[Thu, 24 Mar 2011 19:00:46 GMT] INFO master started
[Thu, 24 Mar 2011 19:00:46 GMT] INFO spawned worker 0
[Thu, 24 Mar 2011 19:00:46 GMT] INFO spawned worker 1
[Thu, 24 Mar 2011 19:00:46 GMT] DEBUG worker 0 connected
[Thu, 24 Mar 2011 19:00:46 GMT] DEBUG worker 1 connected
[Thu, 24 Mar 2011 19:00:46 GMT] WARNING shutting down master
[Thu, 24 Mar 2011 19:00:46 GMT] INFO restart complete
[Thu, 24 Mar 2011 19:02:16 GMT] INFO restart requested
[Thu, 24 Mar 2011 19:02:16 GMT] INFO master started
[Thu, 24 Mar 2011 19:02:16 GMT] INFO spawned worker 0
[Thu, 24 Mar 2011 19:02:16 GMT] INFO spawned worker 1
[Thu, 24 Mar 2011 19:02:17 GMT] DEBUG worker 0 connected
[Thu, 24 Mar 2011 19:02:17 GMT] DEBUG worker 1 connected
[Thu, 24 Mar 2011 19:02:17 GMT] WARNING shutting down master
[Thu, 24 Mar 2011 19:02:17 GMT] WARNING sent kill(SIGKILL) to all workers
[Thu, 24 Mar 2011 19:02:17 GMT] INFO restart complete
[Thu, 24 Mar 2011 19:02:27 GMT] INFO restart requested
[Thu, 24 Mar 2011 19:02:28 GMT] INFO master started
[Thu, 24 Mar 2011 19:02:28 GMT] INFO spawned worker 0
[Thu, 24 Mar 2011 19:02:28 GMT] INFO spawned worker 1
[Thu, 24 Mar 2011 19:02:28 GMT] DEBUG worker 1 connected
[Thu, 24 Mar 2011 19:02:28 GMT] DEBUG worker 0 connected
[Thu, 24 Mar 2011 19:02:28 GMT] WARNING shutting down master
[Thu, 24 Mar 2011 19:02:28 GMT] WARNING sent kill(SIGKILL) to all workers
[Thu, 24 Mar 2011 19:02:28 GMT] INFO restart complete
[Thu, 24 Mar 2011 19:03:14 GMT] INFO restart requested
[Thu, 24 Mar 2011 19:03:14 GMT] INFO master started
[Thu, 24 Mar 2011 19:03:14 GMT] INFO spawned worker 0
[Thu, 24 Mar 2011 19:03:14 GMT] INFO spawned worker 1
[Thu, 24 Mar 2011 19:03:14 GMT] DEBUG worker 0 connected
[Thu, 24 Mar 2011 19:03:14 GMT] DEBUG worker 1 connected
[Thu, 24 Mar 2011 19:03:14 GMT] WARNING shutting down master
[Thu, 24 Mar 2011 19:03:14 GMT] INFO restart complete
[Thu, 24 Mar 2011 19:03:24 GMT] INFO restart requested
[Thu, 24 Mar 2011 19:03:24 GMT] INFO master started
[Thu, 24 Mar 2011 19:03:24 GMT] INFO spawned worker 0
[Thu, 24 Mar 2011 19:03:24 GMT] INFO spawned worker 1
[Thu, 24 Mar 2011 19:03:24 GMT] DEBUG worker 1 connected
[Thu, 24 Mar 2011 19:03:24 GMT] DEBUG worker 0 connected
[Thu, 24 Mar 2011 19:03:24 GMT] WARNING shutting down master
[Thu, 24 Mar 2011 19:03:24 GMT] WARNING sent kill(SIGKILL) to all workers
[Thu, 24 Mar 2011 19:03:24 GMT] INFO restart complete
[Thu, 24 Mar 2011 19:03:42 GMT] INFO restart requested
[Thu, 24 Mar 2011 19:03:42 GMT] INFO master started
[Thu, 24 Mar 2011 19:03:42 GMT] INFO spawned worker 0
[Thu, 24 Mar 2011 19:03:42 GMT] INFO spawned worker 1
[Thu, 24 Mar 2011 19:03:42 GMT] DEBUG worker 0 connected
[Thu, 24 Mar 2011 19:03:42 GMT] DEBUG worker 1 connected
[Thu, 24 Mar 2011 19:03:42 GMT] WARNING shutting down master
[Thu, 24 Mar 2011 19:03:42 GMT] WARNING sent kill(SIGKILL) to all workers
[Thu, 24 Mar 2011 19:03:42 GMT] INFO restart complete
[Thu, 24 Mar 2011 19:03:50 GMT] INFO restart requested
[Thu, 24 Mar 2011 19:03:50 GMT] INFO master started
[Thu, 24 Mar 2011 19:03:50 GMT] INFO spawned worker 0
[Thu, 24 Mar 2011 19:03:50 GMT] INFO spawned worker 1
[Thu, 24 Mar 2011 19:03:50 GMT] DEBUG worker 0 connected
[Thu, 24 Mar 2011 19:03:50 GMT] DEBUG worker 1 connected
[Thu, 24 Mar 2011 19:03:50 GMT] WARNING shutting down master
[Thu, 24 Mar 2011 19:03:50 GMT] WARNING sent kill(SIGKILL) to all workers
[Thu, 24 Mar 2011 19:03:50 GMT] INFO restart complete
[Thu, 24 Mar 2011 19:04:00 GMT] INFO restart requested
[Thu, 24 Mar 2011 19:04:00 GMT] INFO master started
[Thu, 24 Mar 2011 19:04:00 GMT] INFO spawned worker 0
[Thu, 24 Mar 2011 19:04:00 GMT] INFO spawned worker 1
[Thu, 24 Mar 2011 19:04:00 GMT] DEBUG worker 1 connected
[Thu, 24 Mar 2011 19:04:00 GMT] DEBUG worker 0 connected
[Thu, 24 Mar 2011 19:04:00 GMT] WARNING shutting down master
[Thu, 24 Mar 2011 19:04:00 GMT] WARNING sent kill(SIGKILL) to all workers
[Thu, 24 Mar 2011 19:04:00 GMT] INFO restart complete
[Thu, 24 Mar 2011 19:04:28 GMT] INFO restart requested
[Thu, 24 Mar 2011 19:04:28 GMT] INFO master started
[Thu, 24 Mar 2011 19:04:28 GMT] INFO spawned worker 0
[Thu, 24 Mar 2011 19:04:28 GMT] INFO spawned worker 1
[Thu, 24 Mar 2011 19:04:29 GMT] DEBUG worker 0 connected
[Thu, 24 Mar 2011 19:04:29 GMT] DEBUG worker 1 connected
[Thu, 24 Mar 2011 19:04:29 GMT] WARNING shutting down master
[Thu, 24 Mar 2011 19:04:29 GMT] WARNING sent kill(SIGKILL) to all workers
[Thu, 24 Mar 2011 19:04:29 GMT] INFO restart complete
[Thu, 24 Mar 2011 19:05:05 GMT] INFO restart requested
[Thu, 24 Mar 2011 19:05:05 GMT] INFO master started
[Thu, 24 Mar 2011 19:05:05 GMT] INFO spawned worker 0
[Thu, 24 Mar 2011 19:05:05 GMT] INFO spawned worker 1
[Thu, 24 Mar 2011 19:05:06 GMT] DEBUG worker 1 connected
[Thu, 24 Mar 2011 19:05:06 GMT] DEBUG worker 0 connected
[Thu, 24 Mar 2011 19:05:06 GMT] WARNING shutting down master
[Thu, 24 Mar 2011 19:05:06 GMT] WARNING sent kill(SIGKILL) to all workers
[Thu, 24 Mar 2011 19:05:06 GMT] INFO restart complete
[Thu, 24 Mar 2011 19:05:22 GMT] INFO restart requested
[Thu, 24 Mar 2011 19:05:22 GMT] INFO master started
[Thu, 24 Mar 2011 19:05:22 GMT] INFO spawned worker 0
[Thu, 24 Mar 2011 19:05:22 GMT] INFO spawned worker 1
[Thu, 24 Mar 2011 19:05:22 GMT] DEBUG worker 0 connected
[Thu, 24 Mar 2011 19:05:22 GMT] DEBUG worker 1 connected
[Thu, 24 Mar 2011 19:05:22 GMT] WARNING shutting down master
[Thu, 24 Mar 2011 19:05:22 GMT] WARNING sent kill(SIGKILL) to all workers
[Thu, 24 Mar 2011 19:05:22 GMT] INFO restart complete
[Thu, 24 Mar 2011 19:08:35 GMT] INFO restart requested
[Thu, 24 Mar 2011 19:08:35 GMT] INFO master started
[Thu, 24 Mar 2011 19:08:35 GMT] INFO spawned worker 0
[Thu, 24 Mar 2011 19:08:35 GMT] INFO spawned worker 1
[Thu, 24 Mar 2011 19:08:36 GMT] DEBUG worker 0 connected
[Thu, 24 Mar 2011 19:08:36 GMT] DEBUG worker 1 connected
[Thu, 24 Mar 2011 19:08:36 GMT] WARNING shutting down master
[Thu, 24 Mar 2011 19:08:36 GMT] WARNING sent kill(SIGKILL) to all workers
[Thu, 24 Mar 2011 19:08:36 GMT] INFO restart complete
[Thu, 24 Mar 2011 19:09:21 GMT] INFO restart requested
[Thu, 24 Mar 2011 19:09:21 GMT] INFO master started
[Thu, 24 Mar 2011 19:09:21 GMT] INFO spawned worker 0
[Thu, 24 Mar 2011 19:09:21 GMT] INFO spawned worker 1
[Thu, 24 Mar 2011 19:09:21 GMT] DEBUG worker 1 connected
[Thu, 24 Mar 2011 19:09:21 GMT] DEBUG worker 0 connected
[Thu, 24 Mar 2011 19:09:21 GMT] WARNING shutting down master
[Thu, 24 Mar 2011 19:09:21 GMT] WARNING sent kill(SIGKILL) to all workers
[Thu, 24 Mar 2011 19:09:21 GMT] INFO restart complete
[Thu, 24 Mar 2011 19:09:56 GMT] INFO restart requested
[Thu, 24 Mar 2011 19:09:56 GMT] INFO master started
[Thu, 24 Mar 2011 19:09:56 GMT] INFO spawned worker 0
[Thu, 24 Mar 2011 19:09:56 GMT] INFO spawned worker 1
[Thu, 24 Mar 2011 19:09:56 GMT] DEBUG worker 0 connected
[Thu, 24 Mar 2011 19:09:57 GMT] DEBUG worker 1 connected
[Thu, 24 Mar 2011 19:09:57 GMT] WARNING shutting down master
[Thu, 24 Mar 2011 19:09:57 GMT] INFO restart complete
[Thu, 24 Mar 2011 19:10:22 GMT] WARNING shutting down master
[Thu, 24 Mar 2011 19:10:26 GMT] INFO master started
[Thu, 24 Mar 2011 19:10:26 GMT] INFO spawned worker 0
[Thu, 24 Mar 2011 19:10:26 GMT] INFO spawned worker 1
[Thu, 24 Mar 2011 19:10:26 GMT] DEBUG worker 1 connected
[Thu, 24 Mar 2011 19:10:26 GMT] DEBUG worker 0 connected
[Thu, 24 Mar 2011 19:11:21 GMT] INFO restart requested
[Thu, 24 Mar 2011 19:11:21 GMT] INFO master started
[Thu, 24 Mar 2011 19:11:21 GMT] INFO spawned worker 0
[Thu, 24 Mar 2011 19:11:21 GMT] INFO spawned worker 1
[Thu, 24 Mar 2011 19:11:22 GMT] ERROR worker 1 died
[Thu, 24 Mar 2011 19:11:22 GMT] INFO spawned worker 1
[Thu, 24 Mar 2011 19:11:22 GMT] ERROR worker 0 died
[Thu, 24 Mar 2011 19:11:22 GMT] INFO spawned worker 0
[Thu, 24 Mar 2011 19:11:22 GMT] ERROR worker 1 died
[Thu, 24 Mar 2011 19:11:23 GMT] INFO spawned worker 1
[Thu, 24 Mar 2011 19:11:23 GMT] ERROR worker 0 died
[Thu, 24 Mar 2011 19:11:23 GMT] INFO spawned worker 0
[Thu, 24 Mar 2011 19:11:23 GMT] INFO restart requested
[Thu, 24 Mar 2011 19:11:23 GMT] DEBUG worker 1 connected
[Thu, 24 Mar 2011 19:11:23 GMT] DEBUG worker 0 connected
[Thu, 24 Mar 2011 19:11:23 GMT] WARNING shutting down master
[Thu, 24 Mar 2011 19:11:23 GMT] INFO restart complete
[Thu, 24 Mar 2011 19:11:23 GMT] INFO master started
[Thu, 24 Mar 2011 19:11:23 GMT] INFO spawned worker 0
[Thu, 24 Mar 2011 19:11:23 GMT] INFO spawned worker 1
[Thu, 24 Mar 2011 19:11:23 GMT] DEBUG worker 1 connected
[Thu, 24 Mar 2011 19:11:23 GMT] DEBUG worker 0 connected
[Thu, 24 Mar 2011 19:11:23 GMT] WARNING shutting down master
[Thu, 24 Mar 2011 19:11:23 GMT] INFO restart complete
[Thu, 24 Mar 2011 19:12:32 GMT] INFO restart requested
[Thu, 24 Mar 2011 19:12:32 GMT] INFO master started
[Thu, 24 Mar 2011 19:12:32 GMT] INFO spawned worker 0
[Thu, 24 Mar 2011 19:12:32 GMT] INFO spawned worker 1
[Thu, 24 Mar 2011 19:12:33 GMT] DEBUG worker 0 connected
[Thu, 24 Mar 2011 19:12:33 GMT] DEBUG worker 1 connected
[Thu, 24 Mar 2011 19:12:33 GMT] WARNING shutting down master
[Thu, 24 Mar 2011 19:12:33 GMT] WARNING sent kill(SIGKILL) to all workers
[Thu, 24 Mar 2011 19:12:33 GMT] INFO restart complete
[Thu, 24 Mar 2011 19:15:07 GMT] INFO restart requested
[Thu, 24 Mar 2011 19:15:07 GMT] INFO master started
[Thu, 24 Mar 2011 19:15:07 GMT] INFO spawned worker 0
[Thu, 24 Mar 2011 19:15:07 GMT] INFO spawned worker 1
[Thu, 24 Mar 2011 19:15:08 GMT] DEBUG worker 0 connected
[Thu, 24 Mar 2011 19:15:08 GMT] DEBUG worker 1 connected
[Thu, 24 Mar 2011 19:15:08 GMT] WARNING shutting down master
[Thu, 24 Mar 2011 19:15:08 GMT] INFO restart complete
[Thu, 24 Mar 2011 19:15:14 GMT] INFO restart requested
[Thu, 24 Mar 2011 19:15:14 GMT] INFO master started
[Thu, 24 Mar 2011 19:15:14 GMT] INFO spawned worker 0
[Thu, 24 Mar 2011 19:15:14 GMT] INFO spawned worker 1
[Thu, 24 Mar 2011 19:15:14 GMT] DEBUG worker 1 connected
[Thu, 24 Mar 2011 19:15:14 GMT] DEBUG worker 0 connected
[Thu, 24 Mar 2011 19:15:14 GMT] WARNING shutting down master
[Thu, 24 Mar 2011 19:15:15 GMT] INFO restart complete
[Thu, 24 Mar 2011 19:15:44 GMT] INFO restart requested
[Thu, 24 Mar 2011 19:15:44 GMT] INFO master started
[Thu, 24 Mar 2011 19:15:44 GMT] INFO spawned worker 0
[Thu, 24 Mar 2011 19:15:44 GMT] INFO spawned worker 1
[Thu, 24 Mar 2011 19:15:45 GMT] DEBUG worker 1 connected
[Thu, 24 Mar 2011 19:15:45 GMT] DEBUG worker 0 connected
[Thu, 24 Mar 2011 19:15:45 GMT] WARNING shutting down master
[Thu, 24 Mar 2011 19:15:45 GMT] WARNING sent kill(SIGKILL) to all workers
[Thu, 24 Mar 2011 19:15:45 GMT] INFO restart complete
[Thu, 24 Mar 2011 19:15:51 GMT] INFO restart requested
[Thu, 24 Mar 2011 19:15:51 GMT] INFO master started
[Thu, 24 Mar 2011 19:15:51 GMT] INFO spawned worker 0
[Thu, 24 Mar 2011 19:15:51 GMT] INFO spawned worker 1
[Thu, 24 Mar 2011 19:15:51 GMT] DEBUG worker 0 connected
[Thu, 24 Mar 2011 19:15:51 GMT] DEBUG worker 1 connected
[Thu, 24 Mar 2011 19:15:51 GMT] WARNING shutting down master
[Thu, 24 Mar 2011 19:15:51 GMT] WARNING sent kill(SIGKILL) to all workers
[Thu, 24 Mar 2011 19:15:51 GMT] INFO restart complete
[Thu, 24 Mar 2011 19:19:56 GMT] INFO restart requested
[Thu, 24 Mar 2011 19:19:56 GMT] INFO master started
[Thu, 24 Mar 2011 19:19:56 GMT] INFO spawned worker 0
[Thu, 24 Mar 2011 19:19:56 GMT] INFO spawned worker 1
[Thu, 24 Mar 2011 19:19:57 GMT] ERROR worker 0 died
[Thu, 24 Mar 2011 19:19:57 GMT] INFO spawned worker 0
[Thu, 24 Mar 2011 19:19:57 GMT] ERROR worker 1 died
[Thu, 24 Mar 2011 19:19:57 GMT] INFO spawned worker 1
[Thu, 24 Mar 2011 19:19:57 GMT] ERROR worker 0 died
[Thu, 24 Mar 2011 19:19:57 GMT] INFO spawned worker 0
[Thu, 24 Mar 2011 19:19:57 GMT] ERROR worker 1 died
[Thu, 24 Mar 2011 19:19:57 GMT] INFO spawned worker 1
[Thu, 24 Mar 2011 19:19:58 GMT] ERROR worker 0 died
[Thu, 24 Mar 2011 19:19:58 GMT] INFO spawned worker 0
[Thu, 24 Mar 2011 19:19:58 GMT] ERROR worker 1 died
[Thu, 24 Mar 2011 19:19:58 GMT] INFO spawned worker 1
[Thu, 24 Mar 2011 19:19:58 GMT] ERROR worker 0 died
[Thu, 24 Mar 2011 19:19:58 GMT] INFO spawned worker 0
[Thu, 24 Mar 2011 19:19:59 GMT] ERROR worker 1 died
[Thu, 24 Mar 2011 19:19:59 GMT] INFO spawned worker 1
[Thu, 24 Mar 2011 19:19:59 GMT] ERROR worker 0 died
[Thu, 24 Mar 2011 19:19:59 GMT] INFO spawned worker 0
[Thu, 24 Mar 2011 19:19:59 GMT] ERROR worker 1 died
[Thu, 24 Mar 2011 19:19:59 GMT] INFO spawned worker 1
[Thu, 24 Mar 2011 19:19:59 GMT] ERROR worker 0 died
[Thu, 24 Mar 2011 19:19:59 GMT] INFO spawned worker 0
[Thu, 24 Mar 2011 19:19:59 GMT] ERROR worker 1 died
[Thu, 24 Mar 2011 19:19:59 GMT] INFO spawned worker 1
[Thu, 24 Mar 2011 19:19:59 GMT] ERROR worker 0 died
[Thu, 24 Mar 2011 19:19:59 GMT] INFO spawned worker 0
[Thu, 24 Mar 2011 19:20:00 GMT] ERROR worker 1 died
[Thu, 24 Mar 2011 19:20:00 GMT] INFO spawned worker 1
[Thu, 24 Mar 2011 19:20:00 GMT] ERROR worker 0 died
[Thu, 24 Mar 2011 19:20:00 GMT] INFO spawned worker 0
[Thu, 24 Mar 2011 19:20:00 GMT] ERROR worker 1 died
[Thu, 24 Mar 2011 19:20:00 GMT] INFO spawned worker 1
[Thu, 24 Mar 2011 19:20:00 GMT] ERROR worker 0 died
[Thu, 24 Mar 2011 19:20:00 GMT] INFO spawned worker 0
[Thu, 24 Mar 2011 19:20:00 GMT] ERROR worker 1 died
[Thu, 24 Mar 2011 19:20:01 GMT] INFO spawned worker 1
[Thu, 24 Mar 2011 19:20:01 GMT] ERROR worker 0 died
[Thu, 24 Mar 2011 19:20:01 GMT] INFO spawned worker 0
[Thu, 24 Mar 2011 19:22:12 GMT] WARNING shutting down master
[Thu, 24 Mar 2011 19:22:12 GMT] WARNING sent kill(SIGKILL) to all workers
[Thu, 24 Mar 2011 19:22:17 GMT] INFO master started
[Thu, 24 Mar 2011 19:22:17 GMT] INFO spawned worker 0
[Thu, 24 Mar 2011 19:22:17 GMT] INFO spawned worker 1
[Thu, 24 Mar 2011 19:22:18 GMT] DEBUG worker 1 connected
[Thu, 24 Mar 2011 19:22:18 GMT] DEBUG worker 0 connected
[Thu, 24 Mar 2011 19:22:54 GMT] INFO restart requested
[Thu, 24 Mar 2011 19:22:54 GMT] INFO master started
[Thu, 24 Mar 2011 19:22:54 GMT] INFO spawned worker 0
[Thu, 24 Mar 2011 19:22:54 GMT] INFO spawned worker 1
[Thu, 24 Mar 2011 19:22:54 GMT] DEBUG worker 0 connected
[Thu, 24 Mar 2011 19:22:54 GMT] DEBUG worker 1 connected
[Thu, 24 Mar 2011 19:22:54 GMT] WARNING shutting down master
[Thu, 24 Mar 2011 19:22:54 GMT] INFO restart complete
[Thu, 24 Mar 2011 19:23:17 GMT] INFO restart requested
[Thu, 24 Mar 2011 19:23:17 GMT] INFO master started
[Thu, 24 Mar 2011 19:23:17 GMT] INFO spawned worker 0
[Thu, 24 Mar 2011 19:23:17 GMT] INFO spawned worker 1
[Thu, 24 Mar 2011 19:23:17 GMT] DEBUG worker 0 connected
[Thu, 24 Mar 2011 19:23:17 GMT] DEBUG worker 1 connected
[Thu, 24 Mar 2011 19:23:17 GMT] WARNING shutting down master
[Thu, 24 Mar 2011 19:23:17 GMT] INFO restart complete
[Thu, 24 Mar 2011 19:23:38 GMT] INFO restart requested
[Thu, 24 Mar 2011 19:23:38 GMT] INFO master started
[Thu, 24 Mar 2011 19:23:38 GMT] INFO spawned worker 0
[Thu, 24 Mar 2011 19:23:38 GMT] INFO spawned worker 1
[Thu, 24 Mar 2011 19:23:38 GMT] DEBUG worker 0 connected
[Thu, 24 Mar 2011 19:23:38 GMT] DEBUG worker 1 connected
[Thu, 24 Mar 2011 19:23:38 GMT] WARNING shutting down master
[Thu, 24 Mar 2011 19:23:38 GMT] WARNING sent kill(SIGKILL) to all workers
[Thu, 24 Mar 2011 19:23:38 GMT] INFO restart complete
[Thu, 24 Mar 2011 19:23:41 GMT] INFO restart requested
[Thu, 24 Mar 2011 19:23:41 GMT] INFO master started
[Thu, 24 Mar 2011 19:23:41 GMT] INFO spawned worker 0
[Thu, 24 Mar 2011 19:23:41 GMT] INFO spawned worker 1
[Thu, 24 Mar 2011 19:23:42 GMT] DEBUG worker 1 connected
[Thu, 24 Mar 2011 19:23:42 GMT] DEBUG worker 0 connected
[Thu, 24 Mar 2011 19:23:42 GMT] WARNING shutting down master
[Thu, 24 Mar 2011 19:23:42 GMT] INFO restart complete
[Thu, 24 Mar 2011 19:23:57 GMT] INFO restart requested
[Thu, 24 Mar 2011 19:23:57 GMT] INFO master started
[Thu, 24 Mar 2011 19:23:57 GMT] INFO spawned worker 0
[Thu, 24 Mar 2011 19:23:57 GMT] INFO spawned worker 1
[Thu, 24 Mar 2011 19:23:57 GMT] DEBUG worker 0 connected
[Thu, 24 Mar 2011 19:23:57 GMT] DEBUG worker 1 connected
[Thu, 24 Mar 2011 19:23:57 GMT] WARNING shutting down master
[Thu, 24 Mar 2011 19:23:57 GMT] INFO restart complete
[Thu, 24 Mar 2011 19:24:02 GMT] INFO restart requested
[Thu, 24 Mar 2011 19:24:02 GMT] INFO master started
[Thu, 24 Mar 2011 19:24:02 GMT] INFO spawned worker 0
[Thu, 24 Mar 2011 19:24:02 GMT] INFO spawned worker 1
[Thu, 24 Mar 2011 19:24:03 GMT] DEBUG worker 0 connected
[Thu, 24 Mar 2011 19:24:03 GMT] DEBUG worker 1 connected
[Thu, 24 Mar 2011 19:24:03 GMT] WARNING shutting down master
[Thu, 24 Mar 2011 19:24:03 GMT] WARNING sent kill(SIGKILL) to all workers
[Thu, 24 Mar 2011 19:24:03 GMT] INFO restart complete
[Thu, 24 Mar 2011 19:24:14 GMT] INFO restart requested
[Thu, 24 Mar 2011 19:24:14 GMT] INFO master started
[Thu, 24 Mar 2011 19:24:14 GMT] INFO spawned worker 0
[Thu, 24 Mar 2011 19:24:14 GMT] INFO spawned worker 1
[Thu, 24 Mar 2011 19:24:14 GMT] DEBUG worker 0 connected
[Thu, 24 Mar 2011 19:24:14 GMT] DEBUG worker 1 connected
[Thu, 24 Mar 2011 19:24:14 GMT] WARNING shutting down master
[Thu, 24 Mar 2011 19:24:14 GMT] INFO restart complete
[Thu, 24 Mar 2011 19:25:48 GMT] INFO restart requested
[Thu, 24 Mar 2011 19:25:48 GMT] INFO master started
[Thu, 24 Mar 2011 19:25:48 GMT] INFO spawned worker 0
[Thu, 24 Mar 2011 19:25:48 GMT] INFO spawned worker 1
[Thu, 24 Mar 2011 19:25:48 GMT] DEBUG worker 1 connected
[Thu, 24 Mar 2011 19:25:48 GMT] DEBUG worker 0 connected
[Thu, 24 Mar 2011 19:25:48 GMT] WARNING shutting down master
[Thu, 24 Mar 2011 19:25:48 GMT] WARNING sent kill(SIGKILL) to all workers
[Thu, 24 Mar 2011 19:25:48 GMT] INFO restart complete
[Thu, 24 Mar 2011 19:26:10 GMT] INFO restart requested
[Thu, 24 Mar 2011 19:26:10 GMT] INFO master started
[Thu, 24 Mar 2011 19:26:10 GMT] INFO spawned worker 0
[Thu, 24 Mar 2011 19:26:10 GMT] INFO spawned worker 1
[Thu, 24 Mar 2011 19:26:10 GMT] ERROR worker 0 died
[Thu, 24 Mar 2011 19:26:10 GMT] INFO spawned worker 0
[Thu, 24 Mar 2011 19:26:10 GMT] ERROR worker 1 died
[Thu, 24 Mar 2011 19:26:10 GMT] INFO spawned worker 1
[Thu, 24 Mar 2011 19:26:11 GMT] ERROR worker 0 died
[Thu, 24 Mar 2011 19:26:11 GMT] INFO spawned worker 0
[Thu, 24 Mar 2011 19:26:11 GMT] ERROR worker 1 died
[Thu, 24 Mar 2011 19:26:11 GMT] INFO spawned worker 1
[Thu, 24 Mar 2011 19:26:11 GMT] ERROR worker 0 died
[Thu, 24 Mar 2011 19:26:11 GMT] INFO spawned worker 0
[Thu, 24 Mar 2011 19:26:11 GMT] ERROR worker 1 died
[Thu, 24 Mar 2011 19:26:11 GMT] INFO spawned worker 1
[Thu, 24 Mar 2011 19:26:11 GMT] ERROR worker 0 died
[Thu, 24 Mar 2011 19:26:11 GMT] INFO spawned worker 0
[Thu, 24 Mar 2011 19:26:11 GMT] ERROR worker 1 died
[Thu, 24 Mar 2011 19:26:11 GMT] INFO spawned worker 1
[Thu, 24 Mar 2011 19:26:12 GMT] ERROR worker 0 died
[Thu, 24 Mar 2011 19:26:12 GMT] INFO spawned worker 0
[Thu, 24 Mar 2011 19:26:12 GMT] ERROR worker 1 died
[Thu, 24 Mar 2011 19:26:12 GMT] INFO spawned worker 1
[Thu, 24 Mar 2011 19:26:12 GMT] ERROR worker 0 died
[Thu, 24 Mar 2011 19:26:12 GMT] INFO spawned worker 0
[Thu, 24 Mar 2011 19:26:12 GMT] ERROR worker 1 died
[Thu, 24 Mar 2011 19:26:12 GMT] INFO spawned worker 1
[Thu, 24 Mar 2011 19:26:12 GMT] ERROR worker 0 died
[Thu, 24 Mar 2011 19:26:12 GMT] INFO spawned worker 0
[Thu, 24 Mar 2011 19:26:12 GMT] ERROR worker 1 died
[Thu, 24 Mar 2011 19:26:12 GMT] INFO spawned worker 1
[Thu, 24 Mar 2011 19:26:13 GMT] ERROR worker 1 died
[Thu, 24 Mar 2011 19:26:13 GMT] INFO spawned worker 1
[Thu, 24 Mar 2011 19:26:13 GMT] ERROR worker 0 died
[Thu, 24 Mar 2011 19:26:13 GMT] INFO spawned worker 0
[Thu, 24 Mar 2011 19:26:13 GMT] ERROR worker 1 died
[Thu, 24 Mar 2011 19:26:13 GMT] INFO spawned worker 1
[Thu, 24 Mar 2011 19:26:13 GMT] ERROR worker 0 died
[Thu, 24 Mar 2011 19:26:13 GMT] INFO spawned worker 0
[Thu, 24 Mar 2011 19:26:13 GMT] ERROR worker 1 died
[Thu, 24 Mar 2011 19:26:13 GMT] INFO spawned worker 1
[Thu, 24 Mar 2011 19:26:37 GMT] WARNING shutting down master
