
node.js:134
        throw e; // process.nextTick error, or 'error' event on first tick
        ^
ReferenceError: resTemplate is not defined
    at HTTPServer.<anonymous> (/Users/HunterLoftis/work/_play/node-boilerplate/app/config/app.js:46:5)
    at HTTPServer.configure (/Users/HunterLoftis/work/_play/node-boilerplate/node_modules/.npm/express/2.0.0/package/lib/http.js:422:8)
    at /Users/HunterLoftis/work/_play/node-boilerplate/app/config/app.js:22:10
    at Object.<anonymous> (/Users/HunterLoftis/work/_play/node-boilerplate/app/config/app.js:86:2)
    at Module._compile (module.js:404:26)
    at Object..js (module.js:410:10)
    at Module.load (module.js:336:31)
    at Function._load (module.js:297:12)
    at require (module.js:348:19)
    at Master.listen (/Users/HunterLoftis/work/_play/node-boilerplate/node_modules/.npm/cluster/0.4.2/package/lib/master.js:236:23)

node.js:134
        throw e; // process.nextTick error, or 'error' event on first tick
        ^
ReferenceError: resTemplate is not defined
    at HTTPServer.<anonymous> (/Users/HunterLoftis/work/_play/node-boilerplate/app/config/app.js:46:5)
    at HTTPServer.configure (/Users/HunterLoftis/work/_play/node-boilerplate/node_modules/.npm/express/2.0.0/package/lib/http.js:422:8)
    at /Users/HunterLoftis/work/_play/node-boilerplate/app/config/app.js:22:10
    at Object.<anonymous> (/Users/HunterLoftis/work/_play/node-boilerplate/app/config/app.js:86:2)
    at Module._compile (module.js:404:26)
    at Object..js (module.js:410:10)
    at Module.load (module.js:336:31)
    at Function._load (module.js:297:12)
    at require (module.js:348:19)
    at Master.listen (/Users/HunterLoftis/work/_play/node-boilerplate/node_modules/.npm/cluster/0.4.2/package/lib/master.js:236:23)

node.js:134
        throw e; // process.nextTick error, or 'error' event on first tick
        ^
ReferenceError: resTemplate is not defined
    at HTTPServer.<anonymous> (/Users/HunterLoftis/work/_play/node-boilerplate/app/config/app.js:46:5)
    at HTTPServer.configure (/Users/HunterLoftis/work/_play/node-boilerplate/node_modules/.npm/express/2.0.0/package/lib/http.js:422:8)
    at /Users/HunterLoftis/work/_play/node-boilerplate/app/config/app.js:22:10
    at Object.<anonymous> (/Users/HunterLoftis/work/_play/node-boilerplate/app/config/app.js:86:2)
    at Module._compile (module.js:404:26)
    at Object..js (module.js:410:10)
    at Module.load (module.js:336:31)
    at Function._load (module.js:297:12)
    at require (module.js:348:19)
    at Master.listen (/Users/HunterLoftis/work/_play/node-boilerplate/node_modules/.npm/cluster/0.4.2/package/lib/master.js:236:23)

node.js:134
        throw e; // process.nextTick error, or 'error' event on first tick
        ^
ReferenceError: resTemplate is not defined
    at HTTPServer.<anonymous> (/Users/HunterLoftis/work/_play/node-boilerplate/app/config/app.js:46:5)
    at HTTPServer.configure (/Users/HunterLoftis/work/_play/node-boilerplate/node_modules/.npm/express/2.0.0/package/lib/http.js:422:8)
    at /Users/HunterLoftis/work/_play/node-boilerplate/app/config/app.js:22:10
    at Object.<anonymous> (/Users/HunterLoftis/work/_play/node-boilerplate/app/config/app.js:86:2)
    at Module._compile (module.js:404:26)
    at Object..js (module.js:410:10)
    at Module.load (module.js:336:31)
    at Function._load (module.js:297:12)
    at require (module.js:348:19)
    at Master.listen (/Users/HunterLoftis/work/_play/node-boilerplate/node_modules/.npm/cluster/0.4.2/package/lib/master.js:236:23)

node.js:134
        throw e; // process.nextTick error, or 'error' event on first tick
        ^
ReferenceError: resTemplate is not defined
    at HTTPServer.<anonymous> (/Users/HunterLoftis/work/_play/node-boilerplate/app/config/app.js:46:5)
    at HTTPServer.configure (/Users/HunterLoftis/work/_play/node-boilerplate/node_modules/.npm/express/2.0.0/package/lib/http.js:422:8)
    at /Users/HunterLoftis/work/_play/node-boilerplate/app/config/app.js:22:10
    at Object.<anonymous> (/Users/HunterLoftis/work/_play/node-boilerplate/app/config/app.js:86:2)
    at Module._compile (module.js:404:26)
    at Object..js (module.js:410:10)
    at Module.load (module.js:336:31)
    at Function._load (module.js:297:12)
    at require (module.js:348:19)
    at Master.listen (/Users/HunterLoftis/work/_play/node-boilerplate/node_modules/.npm/cluster/0.4.2/package/lib/master.js:236:23)

node.js:134
        throw e; // process.nextTick error, or 'error' event on first tick
        ^
ReferenceError: resTemplate is not defined
    at HTTPServer.<anonymous> (/Users/HunterLoftis/work/_play/node-boilerplate/app/config/app.js:46:5)
    at HTTPServer.configure (/Users/HunterLoftis/work/_play/node-boilerplate/node_modules/.npm/express/2.0.0/package/lib/http.js:422:8)
    at /Users/HunterLoftis/work/_play/node-boilerplate/app/config/app.js:22:10
    at Object.<anonymous> (/Users/HunterLoftis/work/_play/node-boilerplate/app/config/app.js:86:2)
    at Module._compile (module.js:404:26)
    at Object..js (module.js:410:10)
    at Module.load (module.js:336:31)
    at Function._load (module.js:297:12)
    at require (module.js:348:19)
    at Master.listen (/Users/HunterLoftis/work/_play/node-boilerplate/node_modules/.npm/cluster/0.4.2/package/lib/master.js:236:23)

node.js:134
        throw e; // process.nextTick error, or 'error' event on first tick
        ^
ReferenceError: resTemplate is not defined
    at HTTPServer.<anonymous> (/Users/HunterLoftis/work/_play/node-boilerplate/app/config/app.js:46:5)
    at HTTPServer.configure (/Users/HunterLoftis/work/_play/node-boilerplate/node_modules/.npm/express/2.0.0/package/lib/http.js:422:8)
    at /Users/HunterLoftis/work/_play/node-boilerplate/app/config/app.js:22:10
    at Object.<anonymous> (/Users/HunterLoftis/work/_play/node-boilerplate/app/config/app.js:86:2)
    at Module._compile (module.js:404:26)
    at Object..js (module.js:410:10)
    at Module.load (module.js:336:31)
    at Function._load (module.js:297:12)
    at require (module.js:348:19)
    at Master.listen (/Users/HunterLoftis/work/_play/node-boilerplate/node_modules/.npm/cluster/0.4.2/package/lib/master.js:236:23)

node.js:134
        throw e; // process.nextTick error, or 'error' event on first tick
        ^
ReferenceError: resTemplate is not defined
    at HTTPServer.<anonymous> (/Users/HunterLoftis/work/_play/node-boilerplate/app/config/app.js:46:5)
    at HTTPServer.configure (/Users/HunterLoftis/work/_play/node-boilerplate/node_modules/.npm/express/2.0.0/package/lib/http.js:422:8)
    at /Users/HunterLoftis/work/_play/node-boilerplate/app/config/app.js:22:10
    at Object.<anonymous> (/Users/HunterLoftis/work/_play/node-boilerplate/app/config/app.js:86:2)
    at Module._compile (module.js:404:26)
    at Object..js (module.js:410:10)
    at Module.load (module.js:336:31)
    at Function._load (module.js:297:12)
    at require (module.js:348:19)
    at Master.listen (/Users/HunterLoftis/work/_play/node-boilerplate/node_modules/.npm/cluster/0.4.2/package/lib/master.js:236:23)

node.js:134
        throw e; // process.nextTick error, or 'error' event on first tick
        ^
ReferenceError: resTemplate is not defined
    at HTTPServer.<anonymous> (/Users/HunterLoftis/work/_play/node-boilerplate/app/config/app.js:46:5)
    at HTTPServer.configure (/Users/HunterLoftis/work/_play/node-boilerplate/node_modules/.npm/express/2.0.0/package/lib/http.js:422:8)
    at /Users/HunterLoftis/work/_play/node-boilerplate/app/config/app.js:22:10
    at Object.<anonymous> (/Users/HunterLoftis/work/_play/node-boilerplate/app/config/app.js:86:2)
    at Module._compile (module.js:404:26)
    at Object..js (module.js:410:10)
    at Module.load (module.js:336:31)
    at Function._load (module.js:297:12)
    at require (module.js:348:19)
    at Master.listen (/Users/HunterLoftis/work/_play/node-boilerplate/node_modules/.npm/cluster/0.4.2/package/lib/master.js:236:23)

node.js:134
        throw e; // process.nextTick error, or 'error' event on first tick
        ^
ReferenceError: resTemplate is not defined
    at HTTPServer.<anonymous> (/Users/HunterLoftis/work/_play/node-boilerplate/app/config/app.js:46:5)
    at HTTPServer.configure (/Users/HunterLoftis/work/_play/node-boilerplate/node_modules/.npm/express/2.0.0/package/lib/http.js:422:8)
    at /Users/HunterLoftis/work/_play/node-boilerplate/app/config/app.js:22:10
    at Object.<anonymous> (/Users/HunterLoftis/work/_play/node-boilerplate/app/config/app.js:86:2)
    at Module._compile (module.js:404:26)
    at Object..js (module.js:410:10)
    at Module.load (module.js:336:31)
    at Function._load (module.js:297:12)
    at require (module.js:348:19)
    at Master.listen (/Users/HunterLoftis/work/_play/node-boilerplate/node_modules/.npm/cluster/0.4.2/package/lib/master.js:236:23)

node.js:134
        throw e; // process.nextTick error, or 'error' event on first tick
        ^

node.js:134
        throw e; // process.nextTick error, or 'error' event on first tick
        ^
ReferenceError: resTemplate is not defined
    at HTTPServer.<anonymous> (/Users/HunterLoftis/work/_play/node-boilerplate/app/config/app.js:46:5)
    at HTTPServer.configure (/Users/HunterLoftis/work/_play/node-boilerplate/node_modules/.npm/express/2.0.0/package/lib/http.js:422:8)
    at /Users/HunterLoftis/work/_play/node-boilerplate/app/config/app.js:22:10
    at Object.<anonymous> (/Users/HunterLoftis/work/_play/node-boilerplate/app/config/app.js:86:2)
    at Module._compile (module.js:404:26)
    at Object..js (module.js:410:10)
    at Module.load (module.js:336:31)
    at Function._load (module.js:297:12)
    at require (module.js:348:19)
    at Master.listen (/Users/HunterLoftis/work/_play/node-boilerplate/node_modules/.npm/cluster/0.4.2/package/lib/master.js:236:23)
ReferenceError: resTemplate is not defined
    at HTTPServer.<anonymous> (/Users/HunterLoftis/work/_play/node-boilerplate/app/config/app.js:46:5)
    at HTTPServer.configure (/Users/HunterLoftis/work/_play/node-boilerplate/node_modules/.npm/express/2.0.0/package/lib/http.js:422:8)
    at /Users/HunterLoftis/work/_play/node-boilerplate/app/config/app.js:22:10
    at Object.<anonymous> (/Users/HunterLoftis/work/_play/node-boilerplate/app/config/app.js:86:2)
    at Module._compile (module.js:404:26)
    at Object..js (module.js:410:10)
    at Module.load (module.js:336:31)
    at Function._load (module.js:297:12)
    at require (module.js:348:19)
    at Master.listen (/Users/HunterLoftis/work/_play/node-boilerplate/node_modules/.npm/cluster/0.4.2/package/lib/master.js:236:23)

node.js:134
        throw e; // process.nextTick error, or 'error' event on first tick
        ^
ReferenceError: resTemplate is not defined
    at HTTPServer.<anonymous> (/Users/HunterLoftis/work/_play/node-boilerplate/app/config/app.js:46:5)
    at HTTPServer.configure (/Users/HunterLoftis/work/_play/node-boilerplate/node_modules/.npm/express/2.0.0/package/lib/http.js:422:8)
    at /Users/HunterLoftis/work/_play/node-boilerplate/app/config/app.js:22:10
    at Object.<anonymous> (/Users/HunterLoftis/work/_play/node-boilerplate/app/config/app.js:86:2)
    at Module._compile (module.js:404:26)
    at Object..js (module.js:410:10)
    at Module.load (module.js:336:31)
    at Function._load (module.js:297:12)
    at require (module.js:348:19)
    at Master.listen (/Users/HunterLoftis/work/_play/node-boilerplate/node_modules/.npm/cluster/0.4.2/package/lib/master.js:236:23)

node.js:134
        throw e; // process.nextTick error, or 'error' event on first tick
        ^
ReferenceError: resTemplate is not defined
    at HTTPServer.<anonymous> (/Users/HunterLoftis/work/_play/node-boilerplate/app/config/app.js:46:5)
    at HTTPServer.configure (/Users/HunterLoftis/work/_play/node-boilerplate/node_modules/.npm/express/2.0.0/package/lib/http.js:422:8)
    at /Users/HunterLoftis/work/_play/node-boilerplate/app/config/app.js:22:10
    at Object.<anonymous> (/Users/HunterLoftis/work/_play/node-boilerplate/app/config/app.js:86:2)
    at Module._compile (module.js:404:26)
    at Object..js (module.js:410:10)
    at Module.load (module.js:336:31)
    at Function._load (module.js:297:12)
    at require (module.js:348:19)
    at Master.listen (/Users/HunterLoftis/work/_play/node-boilerplate/node_modules/.npm/cluster/0.4.2/package/lib/master.js:236:23)

node.js:134
        throw e; // process.nextTick error, or 'error' event on first tick
        ^
ReferenceError: resTemplate is not defined
    at HTTPServer.<anonymous> (/Users/HunterLoftis/work/_play/node-boilerplate/app/config/app.js:46:5)
    at HTTPServer.configure (/Users/HunterLoftis/work/_play/node-boilerplate/node_modules/.npm/express/2.0.0/package/lib/http.js:422:8)
    at /Users/HunterLoftis/work/_play/node-boilerplate/app/config/app.js:22:10
    at Object.<anonymous> (/Users/HunterLoftis/work/_play/node-boilerplate/app/config/app.js:86:2)
    at Module._compile (module.js:404:26)
    at Object..js (module.js:410:10)
    at Module.load (module.js:336:31)
    at Function._load (module.js:297:12)
    at require (module.js:348:19)
    at Master.listen (/Users/HunterLoftis/work/_play/node-boilerplate/node_modules/.npm/cluster/0.4.2/package/lib/master.js:236:23)

node.js:134
        throw e; // process.nextTick error, or 'error' event on first tick
        ^
ReferenceError: resTemplate is not defined
    at HTTPServer.<anonymous> (/Users/HunterLoftis/work/_play/node-boilerplate/app/config/app.js:46:5)
    at HTTPServer.configure (/Users/HunterLoftis/work/_play/node-boilerplate/node_modules/.npm/express/2.0.0/package/lib/http.js:422:8)
    at /Users/HunterLoftis/work/_play/node-boilerplate/app/config/app.js:22:10
    at Object.<anonymous> (/Users/HunterLoftis/work/_play/node-boilerplate/app/config/app.js:86:2)
    at Module._compile (module.js:404:26)
    at Object..js (module.js:410:10)
    at Module.load (module.js:336:31)
    at Function._load (module.js:297:12)
    at require (module.js:348:19)
    at Master.listen (/Users/HunterLoftis/work/_play/node-boilerplate/node_modules/.npm/cluster/0.4.2/package/lib/master.js:236:23)

node.js:134
        throw e; // process.nextTick error, or 'error' event on first tick
        ^
ReferenceError: resTemplate is not defined
    at HTTPServer.<anonymous> (/Users/HunterLoftis/work/_play/node-boilerplate/app/config/app.js:46:5)
    at HTTPServer.configure (/Users/HunterLoftis/work/_play/node-boilerplate/node_modules/.npm/express/2.0.0/package/lib/http.js:422:8)
    at /Users/HunterLoftis/work/_play/node-boilerplate/app/config/app.js:22:10
    at Object.<anonymous> (/Users/HunterLoftis/work/_play/node-boilerplate/app/config/app.js:86:2)
    at Module._compile (module.js:404:26)
    at Object..js (module.js:410:10)
    at Module.load (module.js:336:31)
    at Function._load (module.js:297:12)
    at require (module.js:348:19)
    at Master.listen (/Users/HunterLoftis/work/_play/node-boilerplate/node_modules/.npm/cluster/0.4.2/package/lib/master.js:236:23)

node.js:134
        throw e; // process.nextTick error, or 'error' event on first tick
        ^
ReferenceError: resTemplate is not defined
    at HTTPServer.<anonymous> (/Users/HunterLoftis/work/_play/node-boilerplate/app/config/app.js:46:5)
    at HTTPServer.configure (/Users/HunterLoftis/work/_play/node-boilerplate/node_modules/.npm/express/2.0.0/package/lib/http.js:422:8)
    at /Users/HunterLoftis/work/_play/node-boilerplate/app/config/app.js:22:10
    at Object.<anonymous> (/Users/HunterLoftis/work/_play/node-boilerplate/app/config/app.js:86:2)
    at Module._compile (module.js:404:26)
    at Object..js (module.js:410:10)
    at Module.load (module.js:336:31)
    at Function._load (module.js:297:12)
    at require (module.js:348:19)
    at Master.listen (/Users/HunterLoftis/work/_play/node-boilerplate/node_modules/.npm/cluster/0.4.2/package/lib/master.js:236:23)

node.js:134
        throw e; // process.nextTick error, or 'error' event on first tick
        ^

node.js:134
        throw e; // process.nextTick error, or 'error' event on first tick
        ^
ReferenceError: resTemplate is not defined
    at HTTPServer.<anonymous> (/Users/HunterLoftis/work/_play/node-boilerplate/app/config/app.js:46:5)
    at HTTPServer.configure (/Users/HunterLoftis/work/_play/node-boilerplate/node_modules/.npm/express/2.0.0/package/lib/http.js:422:8)
    at /Users/HunterLoftis/work/_play/node-boilerplate/app/config/app.js:22:10
    at Object.<anonymous> (/Users/HunterLoftis/work/_play/node-boilerplate/app/config/app.js:86:2)
    at Module._compile (module.js:404:26)
    at Object..js (module.js:410:10)
    at Module.load (module.js:336:31)
    at Function._load (module.js:297:12)
    at require (module.js:348:19)
    at Master.listen (/Users/HunterLoftis/work/_play/node-boilerplate/node_modules/.npm/cluster/0.4.2/package/lib/master.js:236:23)
ReferenceError: resTemplate is not defined
    at HTTPServer.<anonymous> (/Users/HunterLoftis/work/_play/node-boilerplate/app/config/app.js:46:5)
    at HTTPServer.configure (/Users/HunterLoftis/work/_play/node-boilerplate/node_modules/.npm/express/2.0.0/package/lib/http.js:422:8)
    at /Users/HunterLoftis/work/_play/node-boilerplate/app/config/app.js:22:10
    at Object.<anonymous> (/Users/HunterLoftis/work/_play/node-boilerplate/app/config/app.js:86:2)
    at Module._compile (module.js:404:26)
    at Object..js (module.js:410:10)
    at Module.load (module.js:336:31)
    at Function._load (module.js:297:12)
    at require (module.js:348:19)
    at Master.listen (/Users/HunterLoftis/work/_play/node-boilerplate/node_modules/.npm/cluster/0.4.2/package/lib/master.js:236:23)
TypeError: Cannot set property 'Content-Type' of undefined
    at ServerResponse.context (/Users/HunterLoftis/work/_play/node-boilerplate/lib/context.js:16:33)
    at Object.<anonymous> (/Users/HunterLoftis/work/_play/node-boilerplate/app/controllers/home.js:5:9)
    at param (/Users/HunterLoftis/work/_play/node-boilerplate/node_modules/.npm/connect/1.1.4/package/lib/middleware/router.js:147:21)
    at pass (/Users/HunterLoftis/work/_play/node-boilerplate/node_modules/.npm/connect/1.1.4/package/lib/middleware/router.js:163:10)
    at Object.router [as handle] (/Users/HunterLoftis/work/_play/node-boilerplate/node_modules/.npm/connect/1.1.4/package/lib/middleware/router.js:169:6)
    at next (/Users/HunterLoftis/work/_play/node-boilerplate/node_modules/.npm/connect/1.1.4/package/lib/http.js:204:15)
    at Object.handle (/Users/HunterLoftis/work/_play/node-boilerplate/lib/context.js:30:3)
    at next (/Users/HunterLoftis/work/_play/node-boilerplate/node_modules/.npm/connect/1.1.4/package/lib/http.js:204:15)
    at Object.bodyParser [as handle] (/Users/HunterLoftis/work/_play/node-boilerplate/node_modules/.npm/connect/1.1.4/package/lib/middleware/bodyParser.js:76:7)
    at next (/Users/HunterLoftis/work/_play/node-boilerplate/node_modules/.npm/connect/1.1.4/package/lib/http.js:204:15)
TypeError: Cannot set property 'Content-Type' of undefined
    at ServerResponse.context (/Users/HunterLoftis/work/_play/node-boilerplate/lib/context.js:16:33)
    at Object.<anonymous> (/Users/HunterLoftis/work/_play/node-boilerplate/app/controllers/home.js:5:9)
    at param (/Users/HunterLoftis/work/_play/node-boilerplate/node_modules/.npm/connect/1.1.4/package/lib/middleware/router.js:147:21)
    at pass (/Users/HunterLoftis/work/_play/node-boilerplate/node_modules/.npm/connect/1.1.4/package/lib/middleware/router.js:163:10)
    at Object.router [as handle] (/Users/HunterLoftis/work/_play/node-boilerplate/node_modules/.npm/connect/1.1.4/package/lib/middleware/router.js:169:6)
    at next (/Users/HunterLoftis/work/_play/node-boilerplate/node_modules/.npm/connect/1.1.4/package/lib/http.js:204:15)
    at Object.handle (/Users/HunterLoftis/work/_play/node-boilerplate/lib/context.js:30:3)
    at next (/Users/HunterLoftis/work/_play/node-boilerplate/node_modules/.npm/connect/1.1.4/package/lib/http.js:204:15)
    at Object.bodyParser [as handle] (/Users/HunterLoftis/work/_play/node-boilerplate/node_modules/.npm/connect/1.1.4/package/lib/middleware/bodyParser.js:76:7)
    at next (/Users/HunterLoftis/work/_play/node-boilerplate/node_modules/.npm/connect/1.1.4/package/lib/http.js:204:15)
TypeError: Cannot set property 'Content-Type' of undefined
    at ServerResponse.context (/Users/HunterLoftis/work/_play/node-boilerplate/lib/context.js:16:34)
    at Object.<anonymous> (/Users/HunterLoftis/work/_play/node-boilerplate/app/controllers/home.js:5:9)
    at param (/Users/HunterLoftis/work/_play/node-boilerplate/node_modules/.npm/connect/1.1.4/package/lib/middleware/router.js:147:21)
    at pass (/Users/HunterLoftis/work/_play/node-boilerplate/node_modules/.npm/connect/1.1.4/package/lib/middleware/router.js:163:10)
    at Object.router [as handle] (/Users/HunterLoftis/work/_play/node-boilerplate/node_modules/.npm/connect/1.1.4/package/lib/middleware/router.js:169:6)
    at next (/Users/HunterLoftis/work/_play/node-boilerplate/node_modules/.npm/connect/1.1.4/package/lib/http.js:204:15)
    at Object.handle (/Users/HunterLoftis/work/_play/node-boilerplate/lib/context.js:30:3)
    at next (/Users/HunterLoftis/work/_play/node-boilerplate/node_modules/.npm/connect/1.1.4/package/lib/http.js:204:15)
    at Object.bodyParser [as handle] (/Users/HunterLoftis/work/_play/node-boilerplate/node_modules/.npm/connect/1.1.4/package/lib/middleware/bodyParser.js:76:7)
    at next (/Users/HunterLoftis/work/_play/node-boilerplate/node_modules/.npm/connect/1.1.4/package/lib/http.js:204:15)
TypeError: Cannot set property 'Content-Type' of undefined
    at ServerResponse.context (/Users/HunterLoftis/work/_play/node-boilerplate/lib/context.js:16:34)
    at Object.<anonymous> (/Users/HunterLoftis/work/_play/node-boilerplate/app/controllers/home.js:5:9)
    at param (/Users/HunterLoftis/work/_play/node-boilerplate/node_modules/.npm/connect/1.1.4/package/lib/middleware/router.js:147:21)
    at pass (/Users/HunterLoftis/work/_play/node-boilerplate/node_modules/.npm/connect/1.1.4/package/lib/middleware/router.js:163:10)
    at Object.router [as handle] (/Users/HunterLoftis/work/_play/node-boilerplate/node_modules/.npm/connect/1.1.4/package/lib/middleware/router.js:169:6)
    at next (/Users/HunterLoftis/work/_play/node-boilerplate/node_modules/.npm/connect/1.1.4/package/lib/http.js:204:15)
    at Object.handle (/Users/HunterLoftis/work/_play/node-boilerplate/lib/context.js:30:3)
    at next (/Users/HunterLoftis/work/_play/node-boilerplate/node_modules/.npm/connect/1.1.4/package/lib/http.js:204:15)
    at Object.bodyParser [as handle] (/Users/HunterLoftis/work/_play/node-boilerplate/node_modules/.npm/connect/1.1.4/package/lib/middleware/bodyParser.js:76:7)
    at next (/Users/HunterLoftis/work/_play/node-boilerplate/node_modules/.npm/connect/1.1.4/package/lib/http.js:204:15)
TypeError: Cannot set property 'Content-Type' of undefined
    at ServerResponse.context (/Users/HunterLoftis/work/_play/node-boilerplate/lib/context.js:18:33)
    at Object.<anonymous> (/Users/HunterLoftis/work/_play/node-boilerplate/app/controllers/home.js:5:9)
    at param (/Users/HunterLoftis/work/_play/node-boilerplate/node_modules/.npm/connect/1.1.4/package/lib/middleware/router.js:147:21)
    at pass (/Users/HunterLoftis/work/_play/node-boilerplate/node_modules/.npm/connect/1.1.4/package/lib/middleware/router.js:163:10)
    at Object.router [as handle] (/Users/HunterLoftis/work/_play/node-boilerplate/node_modules/.npm/connect/1.1.4/package/lib/middleware/router.js:169:6)
    at next (/Users/HunterLoftis/work/_play/node-boilerplate/node_modules/.npm/connect/1.1.4/package/lib/http.js:204:15)
    at Object.handle (/Users/HunterLoftis/work/_play/node-boilerplate/lib/context.js:32:3)
    at next (/Users/HunterLoftis/work/_play/node-boilerplate/node_modules/.npm/connect/1.1.4/package/lib/http.js:204:15)
    at Object.bodyParser [as handle] (/Users/HunterLoftis/work/_play/node-boilerplate/node_modules/.npm/connect/1.1.4/package/lib/middleware/bodyParser.js:76:7)
    at next (/Users/HunterLoftis/work/_play/node-boilerplate/node_modules/.npm/connect/1.1.4/package/lib/http.js:204:15)
TypeError: Cannot set property 'Content-Type' of undefined
    at ServerResponse.context (/Users/HunterLoftis/work/_play/node-boilerplate/lib/context.js:18:33)
    at Object.<anonymous> (/Users/HunterLoftis/work/_play/node-boilerplate/app/controllers/home.js:5:9)
    at param (/Users/HunterLoftis/work/_play/node-boilerplate/node_modules/.npm/connect/1.1.4/package/lib/middleware/router.js:147:21)
    at pass (/Users/HunterLoftis/work/_play/node-boilerplate/node_modules/.npm/connect/1.1.4/package/lib/middleware/router.js:163:10)
    at Object.router [as handle] (/Users/HunterLoftis/work/_play/node-boilerplate/node_modules/.npm/connect/1.1.4/package/lib/middleware/router.js:169:6)
    at next (/Users/HunterLoftis/work/_play/node-boilerplate/node_modules/.npm/connect/1.1.4/package/lib/http.js:204:15)
    at Object.handle (/Users/HunterLoftis/work/_play/node-boilerplate/lib/context.js:32:3)
    at next (/Users/HunterLoftis/work/_play/node-boilerplate/node_modules/.npm/connect/1.1.4/package/lib/http.js:204:15)
    at Object.bodyParser [as handle] (/Users/HunterLoftis/work/_play/node-boilerplate/node_modules/.npm/connect/1.1.4/package/lib/middleware/bodyParser.js:76:7)
    at next (/Users/HunterLoftis/work/_play/node-boilerplate/node_modules/.npm/connect/1.1.4/package/lib/http.js:204:15)
TypeError: Cannot set property 'Content-Type' of undefined
    at ServerResponse.context (/Users/HunterLoftis/work/_play/node-boilerplate/lib/context.js:18:33)
    at Object.<anonymous> (/Users/HunterLoftis/work/_play/node-boilerplate/app/controllers/home.js:5:9)
    at param (/Users/HunterLoftis/work/_play/node-boilerplate/node_modules/.npm/connect/1.1.4/package/lib/middleware/router.js:147:21)
    at pass (/Users/HunterLoftis/work/_play/node-boilerplate/node_modules/.npm/connect/1.1.4/package/lib/middleware/router.js:163:10)
    at Object.router [as handle] (/Users/HunterLoftis/work/_play/node-boilerplate/node_modules/.npm/connect/1.1.4/package/lib/middleware/router.js:169:6)
    at next (/Users/HunterLoftis/work/_play/node-boilerplate/node_modules/.npm/connect/1.1.4/package/lib/http.js:204:15)
    at Object.handle (/Users/HunterLoftis/work/_play/node-boilerplate/lib/context.js:32:3)
    at next (/Users/HunterLoftis/work/_play/node-boilerplate/node_modules/.npm/connect/1.1.4/package/lib/http.js:204:15)
    at Object.bodyParser [as handle] (/Users/HunterLoftis/work/_play/node-boilerplate/node_modules/.npm/connect/1.1.4/package/lib/middleware/bodyParser.js:76:7)
    at next (/Users/HunterLoftis/work/_play/node-boilerplate/node_modules/.npm/connect/1.1.4/package/lib/http.js:204:15)

failed to locate view "/home/index", tried:
  - /home/index.jade
  - /home/_index.jade
  - /home/index/index.jade
  - /home/../index/index.jade

Error: failed to locate view "/home/index"
    at ServerResponse.render (/Users/HunterLoftis/work/_play/node-boilerplate/node_modules/.npm/express/2.0.0/package/lib/view.js:285:11)
    at ServerResponse.context (/Users/HunterLoftis/work/_play/node-boilerplate/lib/context.js:32:11)
    at Object.<anonymous> (/Users/HunterLoftis/work/_play/node-boilerplate/app/controllers/home.js:5:9)
    at param (/Users/HunterLoftis/work/_play/node-boilerplate/node_modules/.npm/connect/1.1.4/package/lib/middleware/router.js:147:21)
    at pass (/Users/HunterLoftis/work/_play/node-boilerplate/node_modules/.npm/connect/1.1.4/package/lib/middleware/router.js:163:10)
    at Object.router [as handle] (/Users/HunterLoftis/work/_play/node-boilerplate/node_modules/.npm/connect/1.1.4/package/lib/middleware/router.js:169:6)
    at next (/Users/HunterLoftis/work/_play/node-boilerplate/node_modules/.npm/connect/1.1.4/package/lib/http.js:204:15)
    at Object.handle (/Users/HunterLoftis/work/_play/node-boilerplate/lib/context.js:36:3)
    at next (/Users/HunterLoftis/work/_play/node-boilerplate/node_modules/.npm/connect/1.1.4/package/lib/http.js:204:15)
    at Object.bodyParser [as handle] (/Users/HunterLoftis/work/_play/node-boilerplate/node_modules/.npm/connect/1.1.4/package/lib/middleware/bodyParser.js:76:7)
TypeError: Object #<ServerResponse> has no method 'message'
    at ServerResponse.context (/Users/HunterLoftis/work/_play/node-boilerplate/lib/context.js:30:13)
    at Object.<anonymous> (/Users/HunterLoftis/work/_play/node-boilerplate/app/controllers/home.js:5:9)
    at param (/Users/HunterLoftis/work/_play/node-boilerplate/node_modules/.npm/connect/1.1.4/package/lib/middleware/router.js:147:21)
    at pass (/Users/HunterLoftis/work/_play/node-boilerplate/node_modules/.npm/connect/1.1.4/package/lib/middleware/router.js:163:10)
    at Object.router [as handle] (/Users/HunterLoftis/work/_play/node-boilerplate/node_modules/.npm/connect/1.1.4/package/lib/middleware/router.js:169:6)
    at next (/Users/HunterLoftis/work/_play/node-boilerplate/node_modules/.npm/connect/1.1.4/package/lib/http.js:204:15)
    at Object.handle (/Users/HunterLoftis/work/_play/node-boilerplate/lib/context.js:36:3)
    at next (/Users/HunterLoftis/work/_play/node-boilerplate/node_modules/.npm/connect/1.1.4/package/lib/http.js:204:15)
    at Object.bodyParser [as handle] (/Users/HunterLoftis/work/_play/node-boilerplate/node_modules/.npm/connect/1.1.4/package/lib/middleware/bodyParser.js:76:7)
    at next (/Users/HunterLoftis/work/_play/node-boilerplate/node_modules/.npm/connect/1.1.4/package/lib/http.js:204:15)
TypeError: Object #<ServerResponse> has no method 'message'
    at ServerResponse.context (/Users/HunterLoftis/work/_play/node-boilerplate/lib/context.js:34:13)
    at Object.<anonymous> (/Users/HunterLoftis/work/_play/node-boilerplate/app/controllers/home.js:5:9)
    at param (/Users/HunterLoftis/work/_play/node-boilerplate/node_modules/.npm/connect/1.1.4/package/lib/middleware/router.js:147:21)
    at pass (/Users/HunterLoftis/work/_play/node-boilerplate/node_modules/.npm/connect/1.1.4/package/lib/middleware/router.js:163:10)
    at Object.router [as handle] (/Users/HunterLoftis/work/_play/node-boilerplate/node_modules/.npm/connect/1.1.4/package/lib/middleware/router.js:169:6)
    at next (/Users/HunterLoftis/work/_play/node-boilerplate/node_modules/.npm/connect/1.1.4/package/lib/http.js:204:15)
    at Object.handle (/Users/HunterLoftis/work/_play/node-boilerplate/lib/context.js:40:3)
    at next (/Users/HunterLoftis/work/_play/node-boilerplate/node_modules/.npm/connect/1.1.4/package/lib/http.js:204:15)
    at Object.bodyParser [as handle] (/Users/HunterLoftis/work/_play/node-boilerplate/node_modules/.npm/connect/1.1.4/package/lib/middleware/bodyParser.js:76:7)
    at next (/Users/HunterLoftis/work/_play/node-boilerplate/node_modules/.npm/connect/1.1.4/package/lib/http.js:204:15)
TypeError: Object #<ServerResponse> has no method 'message'
    at ServerResponse.context (/Users/HunterLoftis/work/_play/node-boilerplate/lib/context.js:34:13)
    at Object.<anonymous> (/Users/HunterLoftis/work/_play/node-boilerplate/app/controllers/home.js:5:9)
    at param (/Users/HunterLoftis/work/_play/node-boilerplate/node_modules/.npm/connect/1.1.4/package/lib/middleware/router.js:147:21)
    at pass (/Users/HunterLoftis/work/_play/node-boilerplate/node_modules/.npm/connect/1.1.4/package/lib/middleware/router.js:163:10)
    at Object.router [as handle] (/Users/HunterLoftis/work/_play/node-boilerplate/node_modules/.npm/connect/1.1.4/package/lib/middleware/router.js:169:6)
    at next (/Users/HunterLoftis/work/_play/node-boilerplate/node_modules/.npm/connect/1.1.4/package/lib/http.js:204:15)
    at Object.handle (/Users/HunterLoftis/work/_play/node-boilerplate/lib/context.js:40:3)
    at next (/Users/HunterLoftis/work/_play/node-boilerplate/node_modules/.npm/connect/1.1.4/package/lib/http.js:204:15)
    at Object.bodyParser [as handle] (/Users/HunterLoftis/work/_play/node-boilerplate/node_modules/.npm/connect/1.1.4/package/lib/middleware/bodyParser.js:76:7)
    at next (/Users/HunterLoftis/work/_play/node-boilerplate/node_modules/.npm/connect/1.1.4/package/lib/http.js:204:15)

/Users/HunterLoftis/work/_play/node-boilerplate/app/config/helpers.js:3
    messages: require('express-messages');
                                         ^

node.js:134
        throw e; // process.nextTick error, or 'error' event on first tick
        ^
SyntaxError: Unexpected token ;
    at Module._compile (module.js:399:25)
    at Object..js (module.js:410:10)
    at Module.load (module.js:336:31)
    at Function._load (module.js:297:12)
    at require (module.js:348:19)
    at HTTPServer.<anonymous> (/Users/HunterLoftis/work/_play/node-boilerplate/app/config/app.js:54:5)
    at HTTPServer.configure (/Users/HunterLoftis/work/_play/node-boilerplate/node_modules/.npm/express/2.0.0/package/lib/http.js:422:8)
    at /Users/HunterLoftis/work/_play/node-boilerplate/app/config/app.js:24:10
    at Object.<anonymous> (/Users/HunterLoftis/work/_play/node-boilerplate/app/config/app.js:88:2)
    at Module._compile (module.js:404:26)

/Users/HunterLoftis/work/_play/node-boilerplate/app/config/helpers.js:3
    messages: require('express-messages');
                                         ^

node.js:134
        throw e; // process.nextTick error, or 'error' event on first tick
        ^
SyntaxError: Unexpected token ;
    at Module._compile (module.js:399:25)
    at Object..js (module.js:410:10)
    at Module.load (module.js:336:31)
    at Function._load (module.js:297:12)
    at require (module.js:348:19)
    at HTTPServer.<anonymous> (/Users/HunterLoftis/work/_play/node-boilerplate/app/config/app.js:54:5)
    at HTTPServer.configure (/Users/HunterLoftis/work/_play/node-boilerplate/node_modules/.npm/express/2.0.0/package/lib/http.js:422:8)
    at /Users/HunterLoftis/work/_play/node-boilerplate/app/config/app.js:24:10
    at Object.<anonymous> (/Users/HunterLoftis/work/_play/node-boilerplate/app/config/app.js:88:2)
    at Module._compile (module.js:404:26)

/Users/HunterLoftis/work/_play/node-boilerplate/app/config/helpers.js:3
    messages: require('express-messages');
                                         ^

node.js:134
        throw e; // process.nextTick error, or 'error' event on first tick
        ^
SyntaxError: Unexpected token ;
    at Module._compile (module.js:399:25)
    at Object..js (module.js:410:10)
    at Module.load (module.js:336:31)
    at Function._load (module.js:297:12)
    at require (module.js:348:19)
    at HTTPServer.<anonymous> (/Users/HunterLoftis/work/_play/node-boilerplate/app/config/app.js:54:5)
    at HTTPServer.configure (/Users/HunterLoftis/work/_play/node-boilerplate/node_modules/.npm/express/2.0.0/package/lib/http.js:422:8)
    at /Users/HunterLoftis/work/_play/node-boilerplate/app/config/app.js:24:10
    at Object.<anonymous> (/Users/HunterLoftis/work/_play/node-boilerplate/app/config/app.js:88:2)
    at Module._compile (module.js:404:26)

/Users/HunterLoftis/work/_play/node-boilerplate/app/config/helpers.js:3
    messages: require('express-messages');
                                         ^

node.js:134
        throw e; // process.nextTick error, or 'error' event on first tick
        ^
SyntaxError: Unexpected token ;
    at Module._compile (module.js:399:25)
    at Object..js (module.js:410:10)
    at Module.load (module.js:336:31)
    at Function._load (module.js:297:12)
    at require (module.js:348:19)
    at HTTPServer.<anonymous> (/Users/HunterLoftis/work/_play/node-boilerplate/app/config/app.js:54:5)
    at HTTPServer.configure (/Users/HunterLoftis/work/_play/node-boilerplate/node_modules/.npm/express/2.0.0/package/lib/http.js:422:8)
    at /Users/HunterLoftis/work/_play/node-boilerplate/app/config/app.js:24:10
    at Object.<anonymous> (/Users/HunterLoftis/work/_play/node-boilerplate/app/config/app.js:88:2)
    at Module._compile (module.js:404:26)
ReferenceError: res_context is not defined
    at ServerResponse.context (/Users/HunterLoftis/work/_play/node-boilerplate/lib/context.js:34:9)
    at Object.<anonymous> (/Users/HunterLoftis/work/_play/node-boilerplate/app/controllers/home.js:5:9)
    at param (/Users/HunterLoftis/work/_play/node-boilerplate/node_modules/.npm/connect/1.1.4/package/lib/middleware/router.js:147:21)
    at pass (/Users/HunterLoftis/work/_play/node-boilerplate/node_modules/.npm/connect/1.1.4/package/lib/middleware/router.js:163:10)
    at Object.router [as handle] (/Users/HunterLoftis/work/_play/node-boilerplate/node_modules/.npm/connect/1.1.4/package/lib/middleware/router.js:169:6)
    at next (/Users/HunterLoftis/work/_play/node-boilerplate/node_modules/.npm/connect/1.1.4/package/lib/http.js:204:15)
    at Object.handle (/Users/HunterLoftis/work/_play/node-boilerplate/lib/context.js:41:3)
    at next (/Users/HunterLoftis/work/_play/node-boilerplate/node_modules/.npm/connect/1.1.4/package/lib/http.js:204:15)
    at Object.bodyParser [as handle] (/Users/HunterLoftis/work/_play/node-boilerplate/node_modules/.npm/connect/1.1.4/package/lib/middleware/bodyParser.js:76:7)
    at next (/Users/HunterLoftis/work/_play/node-boilerplate/node_modules/.npm/connect/1.1.4/package/lib/http.js:204:15)
ReferenceError: /Users/HunterLoftis/work/_play/node-boilerplate//app/views/home/index.jade:3
    1. 'h1 Home'
    2. '.messages!= messages()'
    3. '.testing!= stuff()'

stuff is not defined
    at Object.anonymous (eval at <anonymous> (/Users/HunterLoftis/work/_play/node-boilerplate/node_modules/.npm/jade/0.9.2/package/lib/jade.js:229:10))
    at ServerResponse.render (/Users/HunterLoftis/work/_play/node-boilerplate/node_modules/.npm/express/2.0.0/package/lib/view.js:322:24)
    at ServerResponse.context (/Users/HunterLoftis/work/_play/node-boilerplate/lib/context.js:37:11)
    at Object.<anonymous> (/Users/HunterLoftis/work/_play/node-boilerplate/app/controllers/home.js:5:9)
    at param (/Users/HunterLoftis/work/_play/node-boilerplate/node_modules/.npm/connect/1.1.4/package/lib/middleware/router.js:147:21)
    at pass (/Users/HunterLoftis/work/_play/node-boilerplate/node_modules/.npm/connect/1.1.4/package/lib/middleware/router.js:163:10)
    at Object.router [as handle] (/Users/HunterLoftis/work/_play/node-boilerplate/node_modules/.npm/connect/1.1.4/package/lib/middleware/router.js:169:6)
    at next (/Users/HunterLoftis/work/_play/node-boilerplate/node_modules/.npm/connect/1.1.4/package/lib/http.js:204:15)
    at Object.handle (/Users/HunterLoftis/work/_play/node-boilerplate/lib/context.js:41:3)
    at next (/Users/HunterLoftis/work/_play/node-boilerplate/node_modules/.npm/connect/1.1.4/package/lib/http.js:204:15)

node.js:134
        throw e; // process.nextTick error, or 'error' event on first tick
        ^
Error: GET route /other requires a callback
    at Object.get (/Users/HunterLoftis/work/_play/node-boilerplate/node_modules/.npm/connect/1.1.4/package/lib/middleware/router.js:102:22)
    at /Users/HunterLoftis/work/_play/node-boilerplate/node_modules/.npm/connect/1.1.4/package/lib/middleware/router.js:85:19
    at Array.forEach (native)
    at Object.all (/Users/HunterLoftis/work/_play/node-boilerplate/node_modules/.npm/connect/1.1.4/package/lib/middleware/router.js:84:14)
    at HTTPServer.all (/Users/HunterLoftis/work/_play/node-boilerplate/node_modules/.npm/express/2.0.0/package/lib/http.js:454:23)
    at /Users/HunterLoftis/work/_play/node-boilerplate/app/config/routes.js:6:10
    at HTTPServer.<anonymous> (/Users/HunterLoftis/work/_play/node-boilerplate/app/config/app.js:58:23)
    at HTTPServer.configure (/Users/HunterLoftis/work/_play/node-boilerplate/node_modules/.npm/express/2.0.0/package/lib/http.js:422:8)
    at /Users/HunterLoftis/work/_play/node-boilerplate/app/config/app.js:24:10
    at Object.<anonymous> (/Users/HunterLoftis/work/_play/node-boilerplate/app/config/app.js:88:2)

node.js:134
        throw e; // process.nextTick error, or 'error' event on first tick
        ^
Error: GET route /other requires a callback
    at Object.get (/Users/HunterLoftis/work/_play/node-boilerplate/node_modules/.npm/connect/1.1.4/package/lib/middleware/router.js:102:22)
    at /Users/HunterLoftis/work/_play/node-boilerplate/node_modules/.npm/connect/1.1.4/package/lib/middleware/router.js:85:19
    at Array.forEach (native)
    at Object.all (/Users/HunterLoftis/work/_play/node-boilerplate/node_modules/.npm/connect/1.1.4/package/lib/middleware/router.js:84:14)
    at HTTPServer.all (/Users/HunterLoftis/work/_play/node-boilerplate/node_modules/.npm/express/2.0.0/package/lib/http.js:454:23)
    at /Users/HunterLoftis/work/_play/node-boilerplate/app/config/routes.js:6:10
    at HTTPServer.<anonymous> (/Users/HunterLoftis/work/_play/node-boilerplate/app/config/app.js:58:23)
    at HTTPServer.configure (/Users/HunterLoftis/work/_play/node-boilerplate/node_modules/.npm/express/2.0.0/package/lib/http.js:422:8)
    at /Users/HunterLoftis/work/_play/node-boilerplate/app/config/app.js:24:10
    at Object.<anonymous> (/Users/HunterLoftis/work/_play/node-boilerplate/app/config/app.js:88:2)

node.js:134
        throw e; // process.nextTick error, or 'error' event on first tick
        ^
Error: GET route /other requires a callback
    at Object.get (/Users/HunterLoftis/work/_play/node-boilerplate/node_modules/.npm/connect/1.1.4/package/lib/middleware/router.js:102:22)
    at /Users/HunterLoftis/work/_play/node-boilerplate/node_modules/.npm/connect/1.1.4/package/lib/middleware/router.js:85:19
    at Array.forEach (native)
    at Object.all (/Users/HunterLoftis/work/_play/node-boilerplate/node_modules/.npm/connect/1.1.4/package/lib/middleware/router.js:84:14)
    at HTTPServer.all (/Users/HunterLoftis/work/_play/node-boilerplate/node_modules/.npm/express/2.0.0/package/lib/http.js:454:23)
    at /Users/HunterLoftis/work/_play/node-boilerplate/app/config/routes.js:6:10
    at HTTPServer.<anonymous> (/Users/HunterLoftis/work/_play/node-boilerplate/app/config/app.js:58:23)
    at HTTPServer.configure (/Users/HunterLoftis/work/_play/node-boilerplate/node_modules/.npm/express/2.0.0/package/lib/http.js:422:8)
    at /Users/HunterLoftis/work/_play/node-boilerplate/app/config/app.js:24:10
    at Object.<anonymous> (/Users/HunterLoftis/work/_play/node-boilerplate/app/config/app.js:88:2)

node.js:134
        throw e; // process.nextTick error, or 'error' event on first tick
        ^
Error: GET route /other requires a callback
    at Object.get (/Users/HunterLoftis/work/_play/node-boilerplate/node_modules/.npm/connect/1.1.4/package/lib/middleware/router.js:102:22)
    at /Users/HunterLoftis/work/_play/node-boilerplate/node_modules/.npm/connect/1.1.4/package/lib/middleware/router.js:85:19
    at Array.forEach (native)
    at Object.all (/Users/HunterLoftis/work/_play/node-boilerplate/node_modules/.npm/connect/1.1.4/package/lib/middleware/router.js:84:14)
    at HTTPServer.all (/Users/HunterLoftis/work/_play/node-boilerplate/node_modules/.npm/express/2.0.0/package/lib/http.js:454:23)
    at /Users/HunterLoftis/work/_play/node-boilerplate/app/config/routes.js:6:10
    at HTTPServer.<anonymous> (/Users/HunterLoftis/work/_play/node-boilerplate/app/config/app.js:58:23)
    at HTTPServer.configure (/Users/HunterLoftis/work/_play/node-boilerplate/node_modules/.npm/express/2.0.0/package/lib/http.js:422:8)
    at /Users/HunterLoftis/work/_play/node-boilerplate/app/config/app.js:24:10
    at Object.<anonymous> (/Users/HunterLoftis/work/_play/node-boilerplate/app/config/app.js:88:2)

node.js:134
        throw e; // process.nextTick error, or 'error' event on first tick
        ^
Error: GET route /other requires a callback
    at Object.get (/Users/HunterLoftis/work/_play/node-boilerplate/node_modules/.npm/connect/1.1.4/package/lib/middleware/router.js:102:22)
    at /Users/HunterLoftis/work/_play/node-boilerplate/node_modules/.npm/connect/1.1.4/package/lib/middleware/router.js:85:19
    at Array.forEach (native)
    at Object.all (/Users/HunterLoftis/work/_play/node-boilerplate/node_modules/.npm/connect/1.1.4/package/lib/middleware/router.js:84:14)
    at HTTPServer.all (/Users/HunterLoftis/work/_play/node-boilerplate/node_modules/.npm/express/2.0.0/package/lib/http.js:454:23)
    at /Users/HunterLoftis/work/_play/node-boilerplate/app/config/routes.js:6:10
    at HTTPServer.<anonymous> (/Users/HunterLoftis/work/_play/node-boilerplate/app/config/app.js:58:23)
    at HTTPServer.configure (/Users/HunterLoftis/work/_play/node-boilerplate/node_modules/.npm/express/2.0.0/package/lib/http.js:422:8)
    at /Users/HunterLoftis/work/_play/node-boilerplate/app/config/app.js:24:10
    at Object.<anonymous> (/Users/HunterLoftis/work/_play/node-boilerplate/app/config/app.js:88:2)

node.js:134
        throw e; // process.nextTick error, or 'error' event on first tick
        ^
Error: GET route /other requires a callback
    at Object.get (/Users/HunterLoftis/work/_play/node-boilerplate/node_modules/.npm/connect/1.1.4/package/lib/middleware/router.js:102:22)
    at /Users/HunterLoftis/work/_play/node-boilerplate/node_modules/.npm/connect/1.1.4/package/lib/middleware/router.js:85:19
    at Array.forEach (native)
    at Object.all (/Users/HunterLoftis/work/_play/node-boilerplate/node_modules/.npm/connect/1.1.4/package/lib/middleware/router.js:84:14)
    at HTTPServer.all (/Users/HunterLoftis/work/_play/node-boilerplate/node_modules/.npm/express/2.0.0/package/lib/http.js:454:23)
    at /Users/HunterLoftis/work/_play/node-boilerplate/app/config/routes.js:6:10
    at HTTPServer.<anonymous> (/Users/HunterLoftis/work/_play/node-boilerplate/app/config/app.js:58:23)
    at HTTPServer.configure (/Users/HunterLoftis/work/_play/node-boilerplate/node_modules/.npm/express/2.0.0/package/lib/http.js:422:8)
    at /Users/HunterLoftis/work/_play/node-boilerplate/app/config/app.js:24:10
    at Object.<anonymous> (/Users/HunterLoftis/work/_play/node-boilerplate/app/config/app.js:88:2)

node.js:134
        throw e; // process.nextTick error, or 'error' event on first tick
        ^
Error: GET route /other requires a callback
    at Object.get (/Users/HunterLoftis/work/_play/node-boilerplate/node_modules/.npm/connect/1.1.4/package/lib/middleware/router.js:102:22)
    at /Users/HunterLoftis/work/_play/node-boilerplate/node_modules/.npm/connect/1.1.4/package/lib/middleware/router.js:85:19
    at Array.forEach (native)
    at Object.all (/Users/HunterLoftis/work/_play/node-boilerplate/node_modules/.npm/connect/1.1.4/package/lib/middleware/router.js:84:14)
    at HTTPServer.all (/Users/HunterLoftis/work/_play/node-boilerplate/node_modules/.npm/express/2.0.0/package/lib/http.js:454:23)
    at /Users/HunterLoftis/work/_play/node-boilerplate/app/config/routes.js:6:10
    at HTTPServer.<anonymous> (/Users/HunterLoftis/work/_play/node-boilerplate/app/config/app.js:58:23)
    at HTTPServer.configure (/Users/HunterLoftis/work/_play/node-boilerplate/node_modules/.npm/express/2.0.0/package/lib/http.js:422:8)
    at /Users/HunterLoftis/work/_play/node-boilerplate/app/config/app.js:24:10
    at Object.<anonymous> (/Users/HunterLoftis/work/_play/node-boilerplate/app/config/app.js:88:2)

node.js:134
        throw e; // process.nextTick error, or 'error' event on first tick
        ^
Error: GET route /other requires a callback
    at Object.get (/Users/HunterLoftis/work/_play/node-boilerplate/node_modules/.npm/connect/1.1.4/package/lib/middleware/router.js:102:22)
    at /Users/HunterLoftis/work/_play/node-boilerplate/node_modules/.npm/connect/1.1.4/package/lib/middleware/router.js:85:19
    at Array.forEach (native)
    at Object.all (/Users/HunterLoftis/work/_play/node-boilerplate/node_modules/.npm/connect/1.1.4/package/lib/middleware/router.js:84:14)
    at HTTPServer.all (/Users/HunterLoftis/work/_play/node-boilerplate/node_modules/.npm/express/2.0.0/package/lib/http.js:454:23)
    at /Users/HunterLoftis/work/_play/node-boilerplate/app/config/routes.js:6:10
    at HTTPServer.<anonymous> (/Users/HunterLoftis/work/_play/node-boilerplate/app/config/app.js:58:23)
    at HTTPServer.configure (/Users/HunterLoftis/work/_play/node-boilerplate/node_modules/.npm/express/2.0.0/package/lib/http.js:422:8)
    at /Users/HunterLoftis/work/_play/node-boilerplate/app/config/app.js:24:10
    at Object.<anonymous> (/Users/HunterLoftis/work/_play/node-boilerplate/app/config/app.js:88:2)

node.js:134
        throw e; // process.nextTick error, or 'error' event on first tick
        ^
Error: GET route /other requires a callback
    at Object.get (/Users/HunterLoftis/work/_play/node-boilerplate/node_modules/.npm/connect/1.1.4/package/lib/middleware/router.js:102:22)
    at /Users/HunterLoftis/work/_play/node-boilerplate/node_modules/.npm/connect/1.1.4/package/lib/middleware/router.js:85:19
    at Array.forEach (native)
    at Object.all (/Users/HunterLoftis/work/_play/node-boilerplate/node_modules/.npm/connect/1.1.4/package/lib/middleware/router.js:84:14)
    at HTTPServer.all (/Users/HunterLoftis/work/_play/node-boilerplate/node_modules/.npm/express/2.0.0/package/lib/http.js:454:23)
    at /Users/HunterLoftis/work/_play/node-boilerplate/app/config/routes.js:6:10
    at HTTPServer.<anonymous> (/Users/HunterLoftis/work/_play/node-boilerplate/app/config/app.js:58:23)
    at HTTPServer.configure (/Users/HunterLoftis/work/_play/node-boilerplate/node_modules/.npm/express/2.0.0/package/lib/http.js:422:8)
    at /Users/HunterLoftis/work/_play/node-boilerplate/app/config/app.js:24:10
    at Object.<anonymous> (/Users/HunterLoftis/work/_play/node-boilerplate/app/config/app.js:88:2)

node.js:134
        throw e; // process.nextTick error, or 'error' event on first tick
        ^
Error: GET route /other requires a callback
    at Object.get (/Users/HunterLoftis/work/_play/node-boilerplate/node_modules/.npm/connect/1.1.4/package/lib/middleware/router.js:102:22)
    at /Users/HunterLoftis/work/_play/node-boilerplate/node_modules/.npm/connect/1.1.4/package/lib/middleware/router.js:85:19
    at Array.forEach (native)
    at Object.all (/Users/HunterLoftis/work/_play/node-boilerplate/node_modules/.npm/connect/1.1.4/package/lib/middleware/router.js:84:14)
    at HTTPServer.all (/Users/HunterLoftis/work/_play/node-boilerplate/node_modules/.npm/express/2.0.0/package/lib/http.js:454:23)
    at /Users/HunterLoftis/work/_play/node-boilerplate/app/config/routes.js:6:10
    at HTTPServer.<anonymous> (/Users/HunterLoftis/work/_play/node-boilerplate/app/config/app.js:58:23)
    at HTTPServer.configure (/Users/HunterLoftis/work/_play/node-boilerplate/node_modules/.npm/express/2.0.0/package/lib/http.js:422:8)
    at /Users/HunterLoftis/work/_play/node-boilerplate/app/config/app.js:24:10
    at Object.<anonymous> (/Users/HunterLoftis/work/_play/node-boilerplate/app/config/app.js:88:2)

node.js:134
        throw e; // process.nextTick error, or 'error' event on first tick
        ^
Error: GET route /other requires a callback
    at Object.get (/Users/HunterLoftis/work/_play/node-boilerplate/node_modules/.npm/connect/1.1.4/package/lib/middleware/router.js:102:22)
    at /Users/HunterLoftis/work/_play/node-boilerplate/node_modules/.npm/connect/1.1.4/package/lib/middleware/router.js:85:19
    at Array.forEach (native)
    at Object.all (/Users/HunterLoftis/work/_play/node-boilerplate/node_modules/.npm/connect/1.1.4/package/lib/middleware/router.js:84:14)
    at HTTPServer.all (/Users/HunterLoftis/work/_play/node-boilerplate/node_modules/.npm/express/2.0.0/package/lib/http.js:454:23)
    at /Users/HunterLoftis/work/_play/node-boilerplate/app/config/routes.js:6:10
    at HTTPServer.<anonymous> (/Users/HunterLoftis/work/_play/node-boilerplate/app/config/app.js:58:23)
    at HTTPServer.configure (/Users/HunterLoftis/work/_play/node-boilerplate/node_modules/.npm/express/2.0.0/package/lib/http.js:422:8)
    at /Users/HunterLoftis/work/_play/node-boilerplate/app/config/app.js:24:10
    at Object.<anonymous> (/Users/HunterLoftis/work/_play/node-boilerplate/app/config/app.js:88:2)

node.js:134
        throw e; // process.nextTick error, or 'error' event on first tick
        ^
Error: GET route /other requires a callback
    at Object.get (/Users/HunterLoftis/work/_play/node-boilerplate/node_modules/.npm/connect/1.1.4/package/lib/middleware/router.js:102:22)
    at /Users/HunterLoftis/work/_play/node-boilerplate/node_modules/.npm/connect/1.1.4/package/lib/middleware/router.js:85:19
    at Array.forEach (native)
    at Object.all (/Users/HunterLoftis/work/_play/node-boilerplate/node_modules/.npm/connect/1.1.4/package/lib/middleware/router.js:84:14)
    at HTTPServer.all (/Users/HunterLoftis/work/_play/node-boilerplate/node_modules/.npm/express/2.0.0/package/lib/http.js:454:23)
    at /Users/HunterLoftis/work/_play/node-boilerplate/app/config/routes.js:6:10
    at HTTPServer.<anonymous> (/Users/HunterLoftis/work/_play/node-boilerplate/app/config/app.js:58:23)
    at HTTPServer.configure (/Users/HunterLoftis/work/_play/node-boilerplate/node_modules/.npm/express/2.0.0/package/lib/http.js:422:8)
    at /Users/HunterLoftis/work/_play/node-boilerplate/app/config/app.js:24:10
    at Object.<anonymous> (/Users/HunterLoftis/work/_play/node-boilerplate/app/config/app.js:88:2)

node.js:134
        throw e; // process.nextTick error, or 'error' event on first tick
        ^
Error: GET route /other requires a callback
    at Object.get (/Users/HunterLoftis/work/_play/node-boilerplate/node_modules/.npm/connect/1.1.4/package/lib/middleware/router.js:102:22)
    at /Users/HunterLoftis/work/_play/node-boilerplate/node_modules/.npm/connect/1.1.4/package/lib/middleware/router.js:85:19
    at Array.forEach (native)
    at Object.all (/Users/HunterLoftis/work/_play/node-boilerplate/node_modules/.npm/connect/1.1.4/package/lib/middleware/router.js:84:14)
    at HTTPServer.all (/Users/HunterLoftis/work/_play/node-boilerplate/node_modules/.npm/express/2.0.0/package/lib/http.js:454:23)
    at /Users/HunterLoftis/work/_play/node-boilerplate/app/config/routes.js:6:10
    at HTTPServer.<anonymous> (/Users/HunterLoftis/work/_play/node-boilerplate/app/config/app.js:58:23)
    at HTTPServer.configure (/Users/HunterLoftis/work/_play/node-boilerplate/node_modules/.npm/express/2.0.0/package/lib/http.js:422:8)
    at /Users/HunterLoftis/work/_play/node-boilerplate/app/config/app.js:24:10
    at Object.<anonymous> (/Users/HunterLoftis/work/_play/node-boilerplate/app/config/app.js:88:2)

node.js:134
        throw e; // process.nextTick error, or 'error' event on first tick
        ^
Error: GET route /other requires a callback
    at Object.get (/Users/HunterLoftis/work/_play/node-boilerplate/node_modules/.npm/connect/1.1.4/package/lib/middleware/router.js:102:22)
    at /Users/HunterLoftis/work/_play/node-boilerplate/node_modules/.npm/connect/1.1.4/package/lib/middleware/router.js:85:19
    at Array.forEach (native)
    at Object.all (/Users/HunterLoftis/work/_play/node-boilerplate/node_modules/.npm/connect/1.1.4/package/lib/middleware/router.js:84:14)
    at HTTPServer.all (/Users/HunterLoftis/work/_play/node-boilerplate/node_modules/.npm/express/2.0.0/package/lib/http.js:454:23)
    at /Users/HunterLoftis/work/_play/node-boilerplate/app/config/routes.js:6:10
    at HTTPServer.<anonymous> (/Users/HunterLoftis/work/_play/node-boilerplate/app/config/app.js:58:23)
    at HTTPServer.configure (/Users/HunterLoftis/work/_play/node-boilerplate/node_modules/.npm/express/2.0.0/package/lib/http.js:422:8)
    at /Users/HunterLoftis/work/_play/node-boilerplate/app/config/app.js:24:10
    at Object.<anonymous> (/Users/HunterLoftis/work/_play/node-boilerplate/app/config/app.js:88:2)

node.js:134
        throw e; // process.nextTick error, or 'error' event on first tick
        ^
Error: GET route /other requires a callback
    at Object.get (/Users/HunterLoftis/work/_play/node-boilerplate/node_modules/.npm/connect/1.1.4/package/lib/middleware/router.js:102:22)
    at /Users/HunterLoftis/work/_play/node-boilerplate/node_modules/.npm/connect/1.1.4/package/lib/middleware/router.js:85:19
    at Array.forEach (native)
    at Object.all (/Users/HunterLoftis/work/_play/node-boilerplate/node_modules/.npm/connect/1.1.4/package/lib/middleware/router.js:84:14)
    at HTTPServer.all (/Users/HunterLoftis/work/_play/node-boilerplate/node_modules/.npm/express/2.0.0/package/lib/http.js:454:23)
    at /Users/HunterLoftis/work/_play/node-boilerplate/app/config/routes.js:6:10
    at HTTPServer.<anonymous> (/Users/HunterLoftis/work/_play/node-boilerplate/app/config/app.js:58:23)
    at HTTPServer.configure (/Users/HunterLoftis/work/_play/node-boilerplate/node_modules/.npm/express/2.0.0/package/lib/http.js:422:8)
    at /Users/HunterLoftis/work/_play/node-boilerplate/app/config/app.js:24:10
    at Object.<anonymous> (/Users/HunterLoftis/work/_play/node-boilerplate/app/config/app.js:88:2)

node.js:134
        throw e; // process.nextTick error, or 'error' event on first tick
        ^
Error: GET route /other requires a callback
    at Object.get (/Users/HunterLoftis/work/_play/node-boilerplate/node_modules/.npm/connect/1.1.4/package/lib/middleware/router.js:102:22)
    at /Users/HunterLoftis/work/_play/node-boilerplate/node_modules/.npm/connect/1.1.4/package/lib/middleware/router.js:85:19
    at Array.forEach (native)
    at Object.all (/Users/HunterLoftis/work/_play/node-boilerplate/node_modules/.npm/connect/1.1.4/package/lib/middleware/router.js:84:14)
    at HTTPServer.all (/Users/HunterLoftis/work/_play/node-boilerplate/node_modules/.npm/express/2.0.0/package/lib/http.js:454:23)
    at /Users/HunterLoftis/work/_play/node-boilerplate/app/config/routes.js:6:10
    at HTTPServer.<anonymous> (/Users/HunterLoftis/work/_play/node-boilerplate/app/config/app.js:58:23)
    at HTTPServer.configure (/Users/HunterLoftis/work/_play/node-boilerplate/node_modules/.npm/express/2.0.0/package/lib/http.js:422:8)
    at /Users/HunterLoftis/work/_play/node-boilerplate/app/config/app.js:24:10
    at Object.<anonymous> (/Users/HunterLoftis/work/_play/node-boilerplate/app/config/app.js:88:2)

node.js:134
        throw e; // process.nextTick error, or 'error' event on first tick
        ^

node.js:134
        throw e; // process.nextTick error, or 'error' event on first tick
        ^
Error: GET route /other requires a callback
    at Object.get (/Users/HunterLoftis/work/_play/node-boilerplate/node_modules/.npm/connect/1.1.4/package/lib/middleware/router.js:102:22)
    at /Users/HunterLoftis/work/_play/node-boilerplate/node_modules/.npm/connect/1.1.4/package/lib/middleware/router.js:85:19
    at Array.forEach (native)
    at Object.all (/Users/HunterLoftis/work/_play/node-boilerplate/node_modules/.npm/connect/1.1.4/package/lib/middleware/router.js:84:14)
    at HTTPServer.all (/Users/HunterLoftis/work/_play/node-boilerplate/node_modules/.npm/express/2.0.0/package/lib/http.js:454:23)
    at /Users/HunterLoftis/work/_play/node-boilerplate/app/config/routes.js:6:10
    at HTTPServer.<anonymous> (/Users/HunterLoftis/work/_play/node-boilerplate/app/config/app.js:58:23)
    at HTTPServer.configure (/Users/HunterLoftis/work/_play/node-boilerplate/node_modules/.npm/express/2.0.0/package/lib/http.js:422:8)
    at /Users/HunterLoftis/work/_play/node-boilerplate/app/config/app.js:24:10
    at Object.<anonymous> (/Users/HunterLoftis/work/_play/node-boilerplate/app/config/app.js:88:2)
Error: GET route /other requires a callback
    at Object.get (/Users/HunterLoftis/work/_play/node-boilerplate/node_modules/.npm/connect/1.1.4/package/lib/middleware/router.js:102:22)
    at /Users/HunterLoftis/work/_play/node-boilerplate/node_modules/.npm/connect/1.1.4/package/lib/middleware/router.js:85:19
    at Array.forEach (native)
    at Object.all (/Users/HunterLoftis/work/_play/node-boilerplate/node_modules/.npm/connect/1.1.4/package/lib/middleware/router.js:84:14)
    at HTTPServer.all (/Users/HunterLoftis/work/_play/node-boilerplate/node_modules/.npm/express/2.0.0/package/lib/http.js:454:23)
    at /Users/HunterLoftis/work/_play/node-boilerplate/app/config/routes.js:6:10
    at HTTPServer.<anonymous> (/Users/HunterLoftis/work/_play/node-boilerplate/app/config/app.js:58:23)
    at HTTPServer.configure (/Users/HunterLoftis/work/_play/node-boilerplate/node_modules/.npm/express/2.0.0/package/lib/http.js:422:8)
    at /Users/HunterLoftis/work/_play/node-boilerplate/app/config/app.js:24:10
    at Object.<anonymous> (/Users/HunterLoftis/work/_play/node-boilerplate/app/config/app.js:88:2)

node.js:134
        throw e; // process.nextTick error, or 'error' event on first tick
        ^
Error: GET route /other requires a callback
    at Object.get (/Users/HunterLoftis/work/_play/node-boilerplate/node_modules/.npm/connect/1.1.4/package/lib/middleware/router.js:102:22)
    at /Users/HunterLoftis/work/_play/node-boilerplate/node_modules/.npm/connect/1.1.4/package/lib/middleware/router.js:85:19
    at Array.forEach (native)
    at Object.all (/Users/HunterLoftis/work/_play/node-boilerplate/node_modules/.npm/connect/1.1.4/package/lib/middleware/router.js:84:14)
    at HTTPServer.all (/Users/HunterLoftis/work/_play/node-boilerplate/node_modules/.npm/express/2.0.0/package/lib/http.js:454:23)
    at /Users/HunterLoftis/work/_play/node-boilerplate/app/config/routes.js:6:10
    at HTTPServer.<anonymous> (/Users/HunterLoftis/work/_play/node-boilerplate/app/config/app.js:58:23)
    at HTTPServer.configure (/Users/HunterLoftis/work/_play/node-boilerplate/node_modules/.npm/express/2.0.0/package/lib/http.js:422:8)
    at /Users/HunterLoftis/work/_play/node-boilerplate/app/config/app.js:24:10
    at Object.<anonymous> (/Users/HunterLoftis/work/_play/node-boilerplate/app/config/app.js:88:2)

node.js:134
        throw e; // process.nextTick error, or 'error' event on first tick
        ^
Error: GET route /other requires a callback
    at Object.get (/Users/HunterLoftis/work/_play/node-boilerplate/node_modules/.npm/connect/1.1.4/package/lib/middleware/router.js:102:22)
    at /Users/HunterLoftis/work/_play/node-boilerplate/node_modules/.npm/connect/1.1.4/package/lib/middleware/router.js:85:19
    at Array.forEach (native)
    at Object.all (/Users/HunterLoftis/work/_play/node-boilerplate/node_modules/.npm/connect/1.1.4/package/lib/middleware/router.js:84:14)
    at HTTPServer.all (/Users/HunterLoftis/work/_play/node-boilerplate/node_modules/.npm/express/2.0.0/package/lib/http.js:454:23)
    at /Users/HunterLoftis/work/_play/node-boilerplate/app/config/routes.js:6:10
    at HTTPServer.<anonymous> (/Users/HunterLoftis/work/_play/node-boilerplate/app/config/app.js:58:23)
    at HTTPServer.configure (/Users/HunterLoftis/work/_play/node-boilerplate/node_modules/.npm/express/2.0.0/package/lib/http.js:422:8)
    at /Users/HunterLoftis/work/_play/node-boilerplate/app/config/app.js:24:10
    at Object.<anonymous> (/Users/HunterLoftis/work/_play/node-boilerplate/app/config/app.js:88:2)

node.js:134

        throw e; // process.nextTick error, or 'error' event on first tick
        ^
node.js:134
Error: GET route /other requires a callback
    at Object.get (/Users/HunterLoftis/work/_play/node-boilerplate/node_modules/.npm/connect/1.1.4/package/lib/middleware/router.js:102:22)
    at /Users/HunterLoftis/work/_play/node-boilerplate/node_modules/.npm/connect/1.1.4/package/lib/middleware/router.js:85:19
    at Array.forEach (native)
    at Object.all (/Users/HunterLoftis/work/_play/node-boilerplate/node_modules/.npm/connect/1.1.4/package/lib/middleware/router.js:84:14)
    at HTTPServer.all (/Users/HunterLoftis/work/_play/node-boilerplate/node_modules/.npm/express/2.0.0/package/lib/http.js:454:23)
    at /Users/HunterLoftis/work/_play/node-boilerplate/app/config/routes.js:6:10
    at HTTPServer.<anonymous> (/Users/HunterLoftis/work/_play/node-boilerplate/app/config/app.js:58:23)
    at HTTPServer.configure (/Users/HunterLoftis/work/_play/node-boilerplate/node_modules/.npm/express/2.0.0/package/lib/http.js:422:8)
    at /Users/HunterLoftis/work/_play/node-boilerplate/app/config/app.js:24:10
    at Object.<anonymous> (/Users/HunterLoftis/work/_play/node-boilerplate/app/config/app.js:88:2)
        throw e; // process.nextTick error, or 'error' event on first tick
        ^
Error: GET route /other requires a callback
    at Object.get (/Users/HunterLoftis/work/_play/node-boilerplate/node_modules/.npm/connect/1.1.4/package/lib/middleware/router.js:102:22)
    at /Users/HunterLoftis/work/_play/node-boilerplate/node_modules/.npm/connect/1.1.4/package/lib/middleware/router.js:85:19
    at Array.forEach (native)
    at Object.all (/Users/HunterLoftis/work/_play/node-boilerplate/node_modules/.npm/connect/1.1.4/package/lib/middleware/router.js:84:14)
    at HTTPServer.all (/Users/HunterLoftis/work/_play/node-boilerplate/node_modules/.npm/express/2.0.0/package/lib/http.js:454:23)
    at /Users/HunterLoftis/work/_play/node-boilerplate/app/config/routes.js:6:10
    at HTTPServer.<anonymous> (/Users/HunterLoftis/work/_play/node-boilerplate/app/config/app.js:58:23)
    at HTTPServer.configure (/Users/HunterLoftis/work/_play/node-boilerplate/node_modules/.npm/express/2.0.0/package/lib/http.js:422:8)
    at /Users/HunterLoftis/work/_play/node-boilerplate/app/config/app.js:24:10
    at Object.<anonymous> (/Users/HunterLoftis/work/_play/node-boilerplate/app/config/app.js:88:2)

node.js:134
        throw e; // process.nextTick error, or 'error' event on first tick
 
node.js:134
        throw e; // process.nextTick error, or 'error' event on first tick
        ^
       ^
Error: GET route /other requires a callback
    at Object.get (/Users/HunterLoftis/work/_play/node-boilerplate/node_modules/.npm/connect/1.1.4/package/lib/middleware/router.js:102:22)
    at /Users/HunterLoftis/work/_play/node-boilerplate/node_modules/.npm/connect/1.1.4/package/lib/middleware/router.js:85:19
    at Array.forEach (native)
    at Object.all (/Users/HunterLoftis/work/_play/node-boilerplate/node_modules/.npm/connect/1.1.4/package/lib/middleware/router.js:84:14)
    at HTTPServer.all (/Users/HunterLoftis/work/_play/node-boilerplate/node_modules/.npm/express/2.0.0/package/lib/http.js:454:23)
    at /Users/HunterLoftis/work/_play/node-boilerplate/app/config/routes.js:6:10
    at HTTPServer.<anonymous> (/Users/HunterLoftis/work/_play/node-boilerplate/app/config/app.js:58:23)
    at HTTPServer.configure (/Users/HunterLoftis/work/_play/node-boilerplate/node_modules/.npm/express/2.0.0/package/lib/http.js:422:8)
    at /Users/HunterLoftis/work/_play/node-boilerplate/app/config/app.js:24:10
    at Object.<anonymous> (/Users/HunterLoftis/work/_play/node-boilerplate/app/config/app.js:88:2)
Error: GET route /other requires a callback
    at Object.get (/Users/HunterLoftis/work/_play/node-boilerplate/node_modules/.npm/connect/1.1.4/package/lib/middleware/router.js:102:22)
    at /Users/HunterLoftis/work/_play/node-boilerplate/node_modules/.npm/connect/1.1.4/package/lib/middleware/router.js:85:19
    at Array.forEach (native)
    at Object.all (/Users/HunterLoftis/work/_play/node-boilerplate/node_modules/.npm/connect/1.1.4/package/lib/middleware/router.js:84:14)
    at HTTPServer.all (/Users/HunterLoftis/work/_play/node-boilerplate/node_modules/.npm/express/2.0.0/package/lib/http.js:454:23)
    at /Users/HunterLoftis/work/_play/node-boilerplate/app/config/routes.js:6:10
    at HTTPServer.<anonymous> (/Users/HunterLoftis/work/_play/node-boilerplate/app/config/app.js:58:23)
    at HTTPServer.configure (/Users/HunterLoftis/work/_play/node-boilerplate/node_modules/.npm/express/2.0.0/package/lib/http.js:422:8)
    at /Users/HunterLoftis/work/_play/node-boilerplate/app/config/app.js:24:10
    at Object.<anonymous> (/Users/HunterLoftis/work/_play/node-boilerplate/app/config/app.js:88:2)


node.js:134
        throw e; // process.nextTick error, or 'error' event on first tick
        ^
node.js:134
        throw e; // process.nextTick error, or 'error' event on first tick
        ^
Error: GET route /other requires a callback
    at Object.get (/Users/HunterLoftis/work/_play/node-boilerplate/node_modules/.npm/connect/1.1.4/package/lib/middleware/router.js:102:22)
    at /Users/HunterLoftis/work/_play/node-boilerplate/node_modules/.npm/connect/1.1.4/package/lib/middleware/router.js:85:19
    at Array.forEach (native)
    at Object.all (/Users/HunterLoftis/work/_play/node-boilerplate/node_modules/.npm/connect/1.1.4/package/lib/middleware/router.js:84:14)
    at HTTPServer.all (/Users/HunterLoftis/work/_play/node-boilerplate/node_modules/.npm/express/2.0.0/package/lib/http.js:454:23)
    at /Users/HunterLoftis/work/_play/node-boilerplate/app/config/routes.js:6:10
    at HTTPServer.<anonymous> (/Users/HunterLoftis/work/_play/node-boilerplate/app/config/app.js:58:23)
    at HTTPServer.configure (/Users/HunterLoftis/work/_play/node-boilerplate/node_modules/.npm/express/2.0.0/package/lib/http.js:422:8)
    at /Users/HunterLoftis/work/_play/node-boilerplate/app/config/app.js:24:10
    at Object.<anonymous> (/Users/HunterLoftis/work/_play/node-boilerplate/app/config/app.js:88:2)
Error: GET route /other requires a callback
    at Object.get (/Users/HunterLoftis/work/_play/node-boilerplate/node_modules/.npm/connect/1.1.4/package/lib/middleware/router.js:102:22)
    at /Users/HunterLoftis/work/_play/node-boilerplate/node_modules/.npm/connect/1.1.4/package/lib/middleware/router.js:85:19
    at Array.forEach (native)
    at Object.all (/Users/HunterLoftis/work/_play/node-boilerplate/node_modules/.npm/connect/1.1.4/package/lib/middleware/router.js:84:14)
    at HTTPServer.all (/Users/HunterLoftis/work/_play/node-boilerplate/node_modules/.npm/express/2.0.0/package/lib/http.js:454:23)
    at /Users/HunterLoftis/work/_play/node-boilerplate/app/config/routes.js:6:10
    at HTTPServer.<anonymous> (/Users/HunterLoftis/work/_play/node-boilerplate/app/config/app.js:58:23)
    at HTTPServer.configure (/Users/HunterLoftis/work/_play/node-boilerplate/node_modules/.npm/express/2.0.0/package/lib/http.js:422:8)
    at /Users/HunterLoftis/work/_play/node-boilerplate/app/config/app.js:24:10
    at Object.<anonymous> (/Users/HunterLoftis/work/_play/node-boilerplate/app/config/app.js:88:2)

node.js:134
        throw e; // process.nextTick error, or 'error' event on first tick
        ^

node.js:134
        throw e; // process.nextTick error, or 'error' event on first tick
        ^
Error: GET route /other requires a callback
    at Object.get (/Users/HunterLoftis/work/_play/node-boilerplate/node_modules/.npm/connect/1.1.4/package/lib/middleware/router.js:102:22)
    at /Users/HunterLoftis/work/_play/node-boilerplate/node_modules/.npm/connect/1.1.4/package/lib/middleware/router.js:85:19
    at Array.forEach (native)
    at Object.all (/Users/HunterLoftis/work/_play/node-boilerplate/node_modules/.npm/connect/1.1.4/package/lib/middleware/router.js:84:14)
    at HTTPServer.all (/Users/HunterLoftis/work/_play/node-boilerplate/node_modules/.npm/express/2.0.0/package/lib/http.js:454:23)
    at /Users/HunterLoftis/work/_play/node-boilerplate/app/config/routes.js:6:10
    at HTTPServer.<anonymous> (/Users/HunterLoftis/work/_play/node-boilerplate/app/config/app.js:58:23)
    at HTTPServer.configure (/Users/HunterLoftis/work/_play/node-boilerplate/node_modules/.npm/express/2.0.0/package/lib/http.js:422:8)
    at /Users/HunterLoftis/work/_play/node-boilerplate/app/config/app.js:24:10
    at Object.<anonymous> (/Users/HunterLoftis/work/_play/node-boilerplate/app/config/app.js:88:2)
Error: GET route /other requires a callback
    at Object.get (/Users/HunterLoftis/work/_play/node-boilerplate/node_modules/.npm/connect/1.1.4/package/lib/middleware/router.js:102:22)
    at /Users/HunterLoftis/work/_play/node-boilerplate/node_modules/.npm/connect/1.1.4/package/lib/middleware/router.js:85:19
    at Array.forEach (native)
    at Object.all (/Users/HunterLoftis/work/_play/node-boilerplate/node_modules/.npm/connect/1.1.4/package/lib/middleware/router.js:84:14)
    at HTTPServer.all (/Users/HunterLoftis/work/_play/node-boilerplate/node_modules/.npm/express/2.0.0/package/lib/http.js:454:23)
    at /Users/HunterLoftis/work/_play/node-boilerplate/app/config/routes.js:6:10
    at HTTPServer.<anonymous> (/Users/HunterLoftis/work/_play/node-boilerplate/app/config/app.js:58:23)
    at HTTPServer.configure (/Users/HunterLoftis/work/_play/node-boilerplate/node_modules/.npm/express/2.0.0/package/lib/http.js:422:8)
    at /Users/HunterLoftis/work/_play/node-boilerplate/app/config/app.js:24:10
    at Object.<anonymous> (/Users/HunterLoftis/work/_play/node-boilerplate/app/config/app.js:88:2)

node.js:134
        throw e; // process.nextTick error, or 'error' event on first tick
        ^
Error: GET route /other requires a callback
    at Object.get (/Users/HunterLoftis/work/_play/node-boilerplate/node_modules/.npm/connect/1.1.4/package/lib/middleware/router.js:102:22)
    at /Users/HunterLoftis/work/_play/node-boilerplate/node_modules/.npm/connect/1.1.4/package/lib/middleware/router.js:85:19
    at Array.forEach (native)
    at Object.all (/Users/HunterLoftis/work/_play/node-boilerplate/node_modules/.npm/connect/1.1.4/package/lib/middleware/router.js:84:14)
    at HTTPServer.all (/Users/HunterLoftis/work/_play/node-boilerplate/node_modules/.npm/express/2.0.0/package/lib/http.js:454:23)
    at /Users/HunterLoftis/work/_play/node-boilerplate/app/config/routes.js:6:10
    at HTTPServer.<anonymous> (/Users/HunterLoftis/work/_play/node-boilerplate/app/config/app.js:58:23)
    at HTTPServer.configure (/Users/HunterLoftis/work/_play/node-boilerplate/node_modules/.npm/express/2.0.0/package/lib/http.js:422:8)
    at /Users/HunterLoftis/work/_play/node-boilerplate/app/config/app.js:24:10
    at Object.<anonymous> (/Users/HunterLoftis/work/_play/node-boilerplate/app/config/app.js:88:2)

node.js:134
        throw e; // process.nextTick error, or 'error' event on first tick
        ^
Error: GET route /other requires a callback
    at Object.get (/Users/HunterLoftis/work/_play/node-boilerplate/node_modules/.npm/connect/1.1.4/package/lib/middleware/router.js:102:22)
    at /Users/HunterLoftis/work/_play/node-boilerplate/node_modules/.npm/connect/1.1.4/package/lib/middleware/router.js:85:19
    at Array.forEach (native)
    at Object.all (/Users/HunterLoftis/work/_play/node-boilerplate/node_modules/.npm/connect/1.1.4/package/lib/middleware/router.js:84:14)
    at HTTPServer.all (/Users/HunterLoftis/work/_play/node-boilerplate/node_modules/.npm/express/2.0.0/package/lib/http.js:454:23)
    at /Users/HunterLoftis/work/_play/node-boilerplate/app/config/routes.js:6:10
    at HTTPServer.<anonymous> (/Users/HunterLoftis/work/_play/node-boilerplate/app/config/app.js:58:23)
    at HTTPServer.configure (/Users/HunterLoftis/work/_play/node-boilerplate/node_modules/.npm/express/2.0.0/package/lib/http.js:422:8)
    at /Users/HunterLoftis/work/_play/node-boilerplate/app/config/app.js:24:10
    at Object.<anonymous> (/Users/HunterLoftis/work/_play/node-boilerplate/app/config/app.js:88:2)

node.js:134
        throw e; // process.nextTick error, or 'error' event on first tick
        ^

node.js:134
        throw e; // process.nextTick error, or 'error' event on first tick
        ^
Error: GET route /other requires a callback
    at Object.get (/Users/HunterLoftis/work/_play/node-boilerplate/node_modules/.npm/connect/1.1.4/package/lib/middleware/router.js:102:22)
    at /Users/HunterLoftis/work/_play/node-boilerplate/node_modules/.npm/connect/1.1.4/package/lib/middleware/router.js:85:19
    at Array.forEach (native)
    at Object.all (/Users/HunterLoftis/work/_play/node-boilerplate/node_modules/.npm/connect/1.1.4/package/lib/middleware/router.js:84:14)
    at HTTPServer.all (/Users/HunterLoftis/work/_play/node-boilerplate/node_modules/.npm/express/2.0.0/package/lib/http.js:454:23)
    at /Users/HunterLoftis/work/_play/node-boilerplate/app/config/routes.js:6:10
    at HTTPServer.<anonymous> (/Users/HunterLoftis/work/_play/node-boilerplate/app/config/app.js:58:23)
    at HTTPServer.configure (/Users/HunterLoftis/work/_play/node-boilerplate/node_modules/.npm/express/2.0.0/package/lib/http.js:422:8)
    at /Users/HunterLoftis/work/_play/node-boilerplate/app/config/app.js:24:10
    at Object.<anonymous> (/Users/HunterLoftis/work/_play/node-boilerplate/app/config/app.js:88:2)
Error: GET route /other requires a callback
    at Object.get (/Users/HunterLoftis/work/_play/node-boilerplate/node_modules/.npm/connect/1.1.4/package/lib/middleware/router.js:102:22)
    at /Users/HunterLoftis/work/_play/node-boilerplate/node_modules/.npm/connect/1.1.4/package/lib/middleware/router.js:85:19
    at Array.forEach (native)
    at Object.all (/Users/HunterLoftis/work/_play/node-boilerplate/node_modules/.npm/connect/1.1.4/package/lib/middleware/router.js:84:14)
    at HTTPServer.all (/Users/HunterLoftis/work/_play/node-boilerplate/node_modules/.npm/express/2.0.0/package/lib/http.js:454:23)
    at /Users/HunterLoftis/work/_play/node-boilerplate/app/config/routes.js:6:10
    at HTTPServer.<anonymous> (/Users/HunterLoftis/work/_play/node-boilerplate/app/config/app.js:58:23)
    at HTTPServer.configure (/Users/HunterLoftis/work/_play/node-boilerplate/node_modules/.npm/express/2.0.0/package/lib/http.js:422:8)
    at /Users/HunterLoftis/work/_play/node-boilerplate/app/config/app.js:24:10
    at Object.<anonymous> (/Users/HunterLoftis/work/_play/node-boilerplate/app/config/app.js:88:2)

node.js:134
        throw e; // process.nextTick error, or 'error' event on first tick
        ^
Error: GET route /other requires a callback
    at Object.get (/Users/HunterLoftis/work/_play/node-boilerplate/node_modules/.npm/connect/1.1.4/package/lib/middleware/router.js:102:22)
    at /Users/HunterLoftis/work/_play/node-boilerplate/node_modules/.npm/connect/1.1.4/package/lib/middleware/router.js:85:19
    at Array.forEach (native)
    at Object.all (/Users/HunterLoftis/work/_play/node-boilerplate/node_modules/.npm/connect/1.1.4/package/lib/middleware/router.js:84:14)
    at HTTPServer.all (/Users/HunterLoftis/work/_play/node-boilerplate/node_modules/.npm/express/2.0.0/package/lib/http.js:454:23)
    at /Users/HunterLoftis/work/_play/node-boilerplate/app/config/routes.js:6:10
    at HTTPServer.<anonymous> (/Users/HunterLoftis/work/_play/node-boilerplate/app/config/app.js:58:23)
    at HTTPServer.configure (/Users/HunterLoftis/work/_play/node-boilerplate/node_modules/.npm/express/2.0.0/package/lib/http.js:422:8)
    at /Users/HunterLoftis/work/_play/node-boilerplate/app/config/app.js:24:10
    at Object.<anonymous> (/Users/HunterLoftis/work/_play/node-boilerplate/app/config/app.js:88:2)

node.js:134
        throw e; // process.nextTick error, or 'error' event on first tick
        ^
Error: GET route /other requires a callback
    at Object.get (/Users/HunterLoftis/work/_play/node-boilerplate/node_modules/.npm/connect/1.1.4/package/lib/middleware/router.js:102:22)
    at /Users/HunterLoftis/work/_play/node-boilerplate/node_modules/.npm/connect/1.1.4/package/lib/middleware/router.js:85:19
    at Array.forEach (native)
    at Object.all (/Users/HunterLoftis/work/_play/node-boilerplate/node_modules/.npm/connect/1.1.4/package/lib/middleware/router.js:84:14)
    at HTTPServer.all (/Users/HunterLoftis/work/_play/node-boilerplate/node_modules/.npm/express/2.0.0/package/lib/http.js:454:23)
    at /Users/HunterLoftis/work/_play/node-boilerplate/app/config/routes.js:6:10
    at HTTPServer.<anonymous> (/Users/HunterLoftis/work/_play/node-boilerplate/app/config/app.js:58:23)
    at HTTPServer.configure (/Users/HunterLoftis/work/_play/node-boilerplate/node_modules/.npm/express/2.0.0/package/lib/http.js:422:8)
    at /Users/HunterLoftis/work/_play/node-boilerplate/app/config/app.js:24:10
    at Object.<anonymous> (/Users/HunterLoftis/work/_play/node-boilerplate/app/config/app.js:88:2)

node.js:134
        throw e; // process.nextTick error, or 'error' event on first tick
        ^
Error: GET route /other requires a callback
    at Object.get (/Users/HunterLoftis/work/_play/node-boilerplate/node_modules/.npm/connect/1.1.4/package/lib/middleware/router.js:102:22)
    at /Users/HunterLoftis/work/_play/node-boilerplate/node_modules/.npm/connect/1.1.4/package/lib/middleware/router.js:85:19
    at Array.forEach (native)
    at Object.all (/Users/HunterLoftis/work/_play/node-boilerplate/node_modules/.npm/connect/1.1.4/package/lib/middleware/router.js:84:14)
    at HTTPServer.all (/Users/HunterLoftis/work/_play/node-boilerplate/node_modules/.npm/express/2.0.0/package/lib/http.js:454:23)
    at /Users/HunterLoftis/work/_play/node-boilerplate/app/config/routes.js:6:10
    at HTTPServer.<anonymous> (/Users/HunterLoftis/work/_play/node-boilerplate/app/config/app.js:58:23)
    at HTTPServer.configure (/Users/HunterLoftis/work/_play/node-boilerplate/node_modules/.npm/express/2.0.0/package/lib/http.js:422:8)
    at /Users/HunterLoftis/work/_play/node-boilerplate/app/config/app.js:24:10
    at Object.<anonymous> (/Users/HunterLoftis/work/_play/node-boilerplate/app/config/app.js:88:2)

node.js:134
        throw e; // process.nextTick error, or 'error' event on first tick
        ^
Error: GET route /other requires a callback
    at Object.get (/Users/HunterLoftis/work/_play/node-boilerplate/node_modules/.npm/connect/1.1.4/package/lib/middleware/router.js:102:22)
    at /Users/HunterLoftis/work/_play/node-boilerplate/node_modules/.npm/connect/1.1.4/package/lib/middleware/router.js:85:19
    at Array.forEach (native)
    at Object.all (/Users/HunterLoftis/work/_play/node-boilerplate/node_modules/.npm/connect/1.1.4/package/lib/middleware/router.js:84:14)
    at HTTPServer.all (/Users/HunterLoftis/work/_play/node-boilerplate/node_modules/.npm/express/2.0.0/package/lib/http.js:454:23)
    at /Users/HunterLoftis/work/_play/node-boilerplate/app/config/routes.js:6:10
    at HTTPServer.<anonymous> (/Users/HunterLoftis/work/_play/node-boilerplate/app/config/app.js:58:23)
    at HTTPServer.configure (/Users/HunterLoftis/work/_play/node-boilerplate/node_modules/.npm/express/2.0.0/package/lib/http.js:422:8)
    at /Users/HunterLoftis/work/_play/node-boilerplate/app/config/app.js:24:10
    at Object.<anonymous> (/Users/HunterLoftis/work/_play/node-boilerplate/app/config/app.js:88:2)

node.js:134
        throw e; // process.nextTick error, or 'error' event on first tick
        ^
Error: GET route /other requires a callback
    at Object.get (/Users/HunterLoftis/work/_play/node-boilerplate/node_modules/.npm/connect/1.1.4/package/lib/middleware/router.js:102:22)
    at /Users/HunterLoftis/work/_play/node-boilerplate/node_modules/.npm/connect/1.1.4/package/lib/middleware/router.js:85:19
    at Array.forEach (native)
    at Object.all (/Users/HunterLoftis/work/_play/node-boilerplate/node_modules/.npm/connect/1.1.4/package/lib/middleware/router.js:84:14)
    at HTTPServer.all (/Users/HunterLoftis/work/_play/node-boilerplate/node_modules/.npm/express/2.0.0/package/lib/http.js:454:23)
    at /Users/HunterLoftis/work/_play/node-boilerplate/app/config/routes.js:6:10
    at HTTPServer.<anonymous> (/Users/HunterLoftis/work/_play/node-boilerplate/app/config/app.js:58:23)
    at HTTPServer.configure (/Users/HunterLoftis/work/_play/node-boilerplate/node_modules/.npm/express/2.0.0/package/lib/http.js:422:8)
    at /Users/HunterLoftis/work/_play/node-boilerplate/app/config/app.js:24:10
    at Object.<anonymous> (/Users/HunterLoftis/work/_play/node-boilerplate/app/config/app.js:88:2)

node.js:134
        throw e; // process.nextTick error, or 'error' event on first tick
        ^
Error: GET route /other requires a callback
    at Object.get (/Users/HunterLoftis/work/_play/node-boilerplate/node_modules/.npm/connect/1.1.4/package/lib/middleware/router.js:102:22)
    at /Users/HunterLoftis/work/_play/node-boilerplate/node_modules/.npm/connect/1.1.4/package/lib/middleware/router.js:85:19
    at Array.forEach (native)
    at Object.all (/Users/HunterLoftis/work/_play/node-boilerplate/node_modules/.npm/connect/1.1.4/package/lib/middleware/router.js:84:14)
    at HTTPServer.all (/Users/HunterLoftis/work/_play/node-boilerplate/node_modules/.npm/express/2.0.0/package/lib/http.js:454:23)
    at /Users/HunterLoftis/work/_play/node-boilerplate/app/config/routes.js:6:10
    at HTTPServer.<anonymous> (/Users/HunterLoftis/work/_play/node-boilerplate/app/config/app.js:58:23)
    at HTTPServer.configure (/Users/HunterLoftis/work/_play/node-boilerplate/node_modules/.npm/express/2.0.0/package/lib/http.js:422:8)
    at /Users/HunterLoftis/work/_play/node-boilerplate/app/config/app.js:24:10
    at Object.<anonymous> (/Users/HunterLoftis/work/_play/node-boilerplate/app/config/app.js:88:2)

node.js:134
        throw e; // process.nextTick error, or 'error' event on first tick
        ^
Error: GET route /other requires a callback
    at Object.get (/Users/HunterLoftis/work/_play/node-boilerplate/node_modules/.npm/connect/1.1.4/package/lib/middleware/router.js:102:22)
    at /Users/HunterLoftis/work/_play/node-boilerplate/node_modules/.npm/connect/1.1.4/package/lib/middleware/router.js:85:19
    at Array.forEach (native)
    at Object.all (/Users/HunterLoftis/work/_play/node-boilerplate/node_modules/.npm/connect/1.1.4/package/lib/middleware/router.js:84:14)
    at HTTPServer.all (/Users/HunterLoftis/work/_play/node-boilerplate/node_modules/.npm/express/2.0.0/package/lib/http.js:454:23)
    at /Users/HunterLoftis/work/_play/node-boilerplate/app/config/routes.js:6:10
    at HTTPServer.<anonymous> (/Users/HunterLoftis/work/_play/node-boilerplate/app/config/app.js:58:23)
    at HTTPServer.configure (/Users/HunterLoftis/work/_play/node-boilerplate/node_modules/.npm/express/2.0.0/package/lib/http.js:422:8)
    at /Users/HunterLoftis/work/_play/node-boilerplate/app/config/app.js:24:10
    at Object.<anonymous> (/Users/HunterLoftis/work/_play/node-boilerplate/app/config/app.js:88:2)

node.js:134
        throw e; // process.nextTick error, or 'error' event on first tick
        ^
Error: GET route /other requires a callback
    at Object.get (/Users/HunterLoftis/work/_play/node-boilerplate/node_modules/.npm/connect/1.1.4/package/lib/middleware/router.js:102:22)
    at /Users/HunterLoftis/work/_play/node-boilerplate/node_modules/.npm/connect/1.1.4/package/lib/middleware/router.js:85:19
    at Array.forEach (native)
    at Object.all (/Users/HunterLoftis/work/_play/node-boilerplate/node_modules/.npm/connect/1.1.4/package/lib/middleware/router.js:84:14)
    at HTTPServer.all (/Users/HunterLoftis/work/_play/node-boilerplate/node_modules/.npm/express/2.0.0/package/lib/http.js:454:23)
    at /Users/HunterLoftis/work/_play/node-boilerplate/app/config/routes.js:6:10
    at HTTPServer.<anonymous> (/Users/HunterLoftis/work/_play/node-boilerplate/app/config/app.js:58:23)
    at HTTPServer.configure (/Users/HunterLoftis/work/_play/node-boilerplate/node_modules/.npm/express/2.0.0/package/lib/http.js:422:8)
    at /Users/HunterLoftis/work/_play/node-boilerplate/app/config/app.js:24:10
    at Object.<anonymous> (/Users/HunterLoftis/work/_play/node-boilerplate/app/config/app.js:88:2)
